<?xml version="1.0" encoding="UTF-8"?>
<robot generator="Robot 7.3.2 (Python 3.13.5 on win32)" generated="2025-07-17T09:40:28.421487" rpa="false" schemaversion="5">
<suite id="s1" name="Yt Watchlist" source="C:\Dev\yt_watchlist">
<suite id="s1-s1" name="Tests" source="C:\Dev\yt_watchlist\Tests">
<suite id="s1-s1-s1" name="Test Watchlist" source="C:\Dev\yt_watchlist\Tests\test_watchlist.robot">
<test id="s1-s1-s1-t1" name="Log Into Youtube To Delete Watchlist" line="8">
<kw name="Youtube Login" owner="keywords">
<kw name="New Browser" owner="Browser">
<msg time="2025-07-17T09:40:28.780113" level="INFO">{"browser": "chromium", "headless": false, "args": ["--disable-blink-features=AutomationControlled"], "chromiumSandbox": false, "devtools": false, "handleSIGHUP": true, "handleSIGINT": true, "handleSIGTERM": true, "slowMo": 0.0, "timeout": 30000.0, "tracesDir": "C:\\Dev\\yt_watchlist\\results\\browser\\traces\\temp\\ac37fbd9-0d3d-440b-ab7a-b7d01b94ed81"}</msg>
<msg time="2025-07-17T09:40:28.834531" level="INFO">Starting Browser process C:\Dev\yt_watchlist\.kota\Lib\site-packages\Browser\wrapper\index.js using at 127.0.0.1:51850</msg>
<msg time="2025-07-17T09:40:30.563480" level="INFO">Successfully created browser with options: {"browser":"chromium","headless":false,"args":["--disable-blink-features=AutomationControlled"],"chromiumSandbox":false,"devtools":false,"handleSIGHUP":true,"handleSIGINT":true,"handleSIGTERM":true,"slowMo":0,"timeout":30000,"tracesDir":"C:\\Dev\\yt_watchlist\\results\\browser\\traces\\temp\\ac37fbd9-0d3d-440b-ab7a-b7d01b94ed81"}</msg>
<arg>chromium</arg>
<arg>headless=${False}</arg>
<arg>args=["--disable-blink-features=AutomationControlled"]</arg>
<tag>BrowserControl</tag>
<tag>Setter</tag>
<doc>Create a new playwright Browser with specified options.</doc>
<status status="PASS" start="2025-07-17T09:40:28.776901" elapsed="1.787556"/>
</kw>
<kw name="New Page" owner="Browser">
<msg time="2025-07-17T09:40:32.968325" level="INFO">Successfully initialized new page object and opened url: https://www.youtube.com</msg>
<msg time="2025-07-17T09:40:32.969195" level="INFO">No context was open. New context was automatically opened when this page is created.</msg>
<arg>https://www.youtube.com</arg>
<tag>BrowserControl</tag>
<tag>Setter</tag>
<doc>Open a new Page.</doc>
<status status="PASS" start="2025-07-17T09:40:30.565275" elapsed="2.404631"/>
</kw>
<kw name="Click" owner="Browser">
<msg time="2025-07-17T09:40:32.973421" level="INFO">Clicks the element 'xpath=//*[@id="content"]/div[2]/div[6]/div[1]/ytd-button-renderer[2]/yt-button-shape/button'.</msg>
<arg>xpath=//*[@id="content"]/div[2]/div[6]/div[1]/ytd-button-renderer[2]/yt-button-shape/button</arg>
<tag>PageContent</tag>
<tag>Setter</tag>
<doc>Simulates mouse click on the element found by ``selector``.</doc>
<status status="PASS" start="2025-07-17T09:40:32.970420" elapsed="0.744570"/>
</kw>
<kw name="Click" owner="Browser">
<msg time="2025-07-17T09:40:33.717120" level="INFO">Clicks the element 'xpath=(//a[@aria-label="Sign in" and contains(@href, "ServiceLogin")])[1]'.</msg>
<arg>xpath=(//a[@aria-label="Sign in" and contains(@href, "ServiceLogin")])[1]</arg>
<tag>PageContent</tag>
<tag>Setter</tag>
<doc>Simulates mouse click on the element found by ``selector``.</doc>
<status status="PASS" start="2025-07-17T09:40:33.715333" elapsed="3.607905"/>
</kw>
<kw name="Get Element" owner="Browser">
<msg time="2025-07-17T09:40:37.424333" level="INFO">Locator found successfully.</msg>
<msg time="2025-07-17T09:40:37.425523" level="INFO">${element} = xpath=//*[@id="identifierId"]</msg>
<var>${element}</var>
<arg>xpath=//*[@id="identifierId"]</arg>
<tag>Getter</tag>
<tag>PageContent</tag>
<doc>Returns a reference to a Playwright [https://playwright.dev/docs/api/class-locator|Locator].</doc>
<status status="PASS" start="2025-07-17T09:40:37.323693" elapsed="0.102460"/>
</kw>
<kw name="Fill Text" owner="Browser">
<msg time="2025-07-17T09:40:37.430636" level="INFO">Fills the text 'akot522@gmail.com' in the given field.</msg>
<arg>${element}</arg>
<arg>${YT_LOGIN}</arg>
<tag>PageContent</tag>
<tag>Setter</tag>
<doc>Clears and fills the given ``txt`` into the text field found by ``selector``.</doc>
<status status="PASS" start="2025-07-17T09:40:37.426887" elapsed="0.039588"/>
</kw>
<kw name="Click" owner="Browser">
<msg time="2025-07-17T09:40:37.469500" level="INFO">Clicks the element 'xpath=//*[@id="identifierNext"]/div/button'.</msg>
<arg>xpath=//*[@id="identifierNext"]/div/button</arg>
<tag>PageContent</tag>
<tag>Setter</tag>
<doc>Simulates mouse click on the element found by ``selector``.</doc>
<status status="PASS" start="2025-07-17T09:40:37.466965" elapsed="0.246103"/>
</kw>
<kw name="Get Element" owner="Browser">
<msg time="2025-07-17T09:40:43.256394" level="INFO">Locator found successfully.</msg>
<msg time="2025-07-17T09:40:43.257879" level="INFO">${element} = xpath=//*[@id="password"]/div[1]/div/div[1]/input</msg>
<var>${element}</var>
<arg>xpath=//*[@id="password"]/div[1]/div/div[1]/input</arg>
<tag>Getter</tag>
<tag>PageContent</tag>
<doc>Returns a reference to a Playwright [https://playwright.dev/docs/api/class-locator|Locator].</doc>
<status status="PASS" start="2025-07-17T09:40:37.713623" elapsed="5.545322"/>
</kw>
<kw name="Fill Text" owner="Browser">
<msg time="2025-07-17T09:40:43.272067" level="INFO">Fills the text 'TheDreadnoughts2005' in the given field.</msg>
<arg>${element}</arg>
<arg>${YT_PASSWORD}</arg>
<tag>PageContent</tag>
<tag>Setter</tag>
<doc>Clears and fills the given ``txt`` into the text field found by ``selector``.</doc>
<status status="PASS" start="2025-07-17T09:40:43.260196" elapsed="0.072503"/>
</kw>
<kw name="Click" owner="Browser">
<msg time="2025-07-17T09:40:43.339161" level="INFO">Clicks the element 'xpath=//*[@id="passwordNext"]/div/button'.</msg>
<arg>xpath=//*[@id="passwordNext"]/div/button</arg>
<tag>PageContent</tag>
<tag>Setter</tag>
<doc>Simulates mouse click on the element found by ``selector``.</doc>
<status status="PASS" start="2025-07-17T09:40:43.334281" elapsed="0.169065"/>
</kw>
<doc>Opens YouTube and logs in with provided credentials.</doc>
<status status="PASS" start="2025-07-17T09:40:28.775484" elapsed="14.728111"/>
</kw>
<kw name="Sleep" owner="BuiltIn">
<msg time="2025-07-17T09:40:48.505641" level="INFO">Slept 5 seconds.</msg>
<arg>5s</arg>
<doc>Pauses the test executed for the given time.</doc>
<status status="PASS" start="2025-07-17T09:40:43.504152" elapsed="5.001909"/>
</kw>
<kw name="Delete Movies" owner="keywords">
<kw name="Go To" owner="Browser">
<msg time="2025-07-17T09:40:50.227983" level="INFO">Successfully opened URL https://www.youtube.com/playlist?list=WL</msg>
<arg>https://www.youtube.com/playlist?list=WL</arg>
<tag>BrowserControl</tag>
<tag>Setter</tag>
<doc>Navigates to the given ``url``.</doc>
<status status="PASS" start="2025-07-17T09:40:48.507958" elapsed="1.720809"/>
</kw>
<kw name="Sleep" owner="BuiltIn">
<msg time="2025-07-17T09:40:52.230959" level="INFO">Slept 2 seconds.</msg>
<arg>2s</arg>
<doc>Pauses the test executed for the given time.</doc>
<status status="PASS" start="2025-07-17T09:40:50.229122" elapsed="2.002212"/>
</kw>
<kw name="Set Variable" owner="BuiltIn">
<msg time="2025-07-17T09:40:52.232841" level="INFO">${deleted} = True</msg>
<var>${deleted}</var>
<arg>${True}</arg>
<doc>Returns the given values which can then be assigned to a variables.</doc>
<status status="PASS" start="2025-07-17T09:40:52.231746" elapsed="0.001472"/>
</kw>
<while condition="${deleted}">
<iter>
<kw name="Set Variable" owner="BuiltIn">
<msg time="2025-07-17T09:40:52.236004" level="INFO">${deleted} = False</msg>
<var>${deleted}</var>
<arg>${False}</arg>
<doc>Returns the given values which can then be assigned to a variables.</doc>
<status status="PASS" start="2025-07-17T09:40:52.235205" elapsed="0.001418"/>
</kw>
<kw name="Sleep" owner="BuiltIn">
<msg time="2025-07-17T09:40:54.238404" level="INFO">Slept 2 seconds.</msg>
<arg>2s</arg>
<doc>Pauses the test executed for the given time.</doc>
<status status="PASS" start="2025-07-17T09:40:52.236935" elapsed="2.002628"/>
</kw>
<kw name="Get Elements" owner="Browser">
<msg time="2025-07-17T09:40:54.310209" level="INFO">Found locator('//ytd-playlist-video-renderer').first(),locator('//ytd-playlist-video-renderer').nth(1),locator('//ytd-playlist-video-renderer').nth(2),locator('//ytd-playlist-video-renderer').nth(3),locator('//ytd-playlist-video-renderer').nth(4),locator('//ytd-playlist-video-renderer').nth(5),locator('//ytd-playlist-video-renderer').nth(6),locator('//ytd-playlist-video-renderer').nth(7),locator('//ytd-playlist-video-renderer').nth(8),locator('//ytd-playlist-video-renderer').nth(9),locator('//ytd-playlist-video-renderer').nth(10),locator('//ytd-playlist-video-renderer').nth(11),locator('//ytd-playlist-video-renderer').nth(12),locator('//ytd-playlist-video-renderer').nth(13),locator('//ytd-playlist-video-renderer').nth(14),locator('//ytd-playlist-video-renderer').nth(15),locator('//ytd-playlist-video-renderer').nth(16),locator('//ytd-playlist-video-renderer').nth(17),locator('//ytd-playlist-video-renderer').nth(18),locator('//ytd-playlist-video-renderer').nth(19),locator('//ytd-playlist-video-renderer').nth(20),locator('//ytd-playlist-video-renderer').nth(21),locator('//ytd-playlist-video-renderer').nth(22),locator('//ytd-playlist-video-renderer').nth(23),locator('//ytd-playlist-video-renderer').nth(24),locator('//ytd-playlist-video-renderer').nth(25),locator('//ytd-playlist-video-renderer').nth(26),locator('//ytd-playlist-video-renderer').nth(27),locator('//ytd-playlist-video-renderer').nth(28),locator('//ytd-playlist-video-renderer').nth(29),locator('//ytd-playlist-video-renderer').nth(30),locator('//ytd-playlist-video-renderer').nth(31),locator('//ytd-playlist-video-renderer').nth(32),locator('//ytd-playlist-video-renderer').nth(33),locator('//ytd-playlist-video-renderer').nth(34),locator('//ytd-playlist-video-renderer').nth(35),locator('//ytd-playlist-video-renderer').nth(36),locator('//ytd-playlist-video-renderer').nth(37),locator('//ytd-playlist-video-renderer').nth(38),locator('//ytd-playlist-video-renderer').nth(39),locator('//ytd-playlist-video-renderer').nth(40),locator('//ytd-playlist-video-renderer').nth(41),locator('//ytd-playlist-video-renderer').nth(42),locator('//ytd-playlist-video-renderer').nth(43),locator('//ytd-playlist-video-renderer').nth(44),locator('//ytd-playlist-video-renderer').nth(45),locator('//ytd-playlist-video-renderer').nth(46),locator('//ytd-playlist-video-renderer').nth(47),locator('//ytd-playlist-video-renderer').nth(48),locator('//ytd-playlist-video-renderer').nth(49),locator('//ytd-playlist-video-renderer').nth(50),locator('//ytd-playlist-video-renderer').nth(51),locator('//ytd-playlist-video-renderer').nth(52),locator('//ytd-playlist-video-renderer').nth(53),locator('//ytd-playlist-video-renderer').nth(54),locator('//ytd-playlist-video-renderer').nth(55),locator('//ytd-playlist-video-renderer').nth(56),locator('//ytd-playlist-video-renderer').nth(57),locator('//ytd-playlist-video-renderer').nth(58),locator('//ytd-playlist-video-renderer').nth(59),locator('//ytd-playlist-video-renderer').nth(60),locator('//ytd-playlist-video-renderer').nth(61),locator('//ytd-playlist-video-renderer').nth(62),locator('//ytd-playlist-video-renderer').nth(63) Locators successfully.</msg>
<msg time="2025-07-17T09:40:54.311955" level="INFO">${videos} = ['xpath=//ytd-playlist-video-renderer &gt;&gt; nth=0', 'xpath=//ytd-playlist-video-renderer &gt;&gt; nth=1', 'xpath=//ytd-playlist-video-renderer &gt;&gt; nth=2', 'xpath=//ytd-playlist-video-renderer &gt;&gt; nth=3', 'xpath=...</msg>
<var>${videos}</var>
<arg>xpath=//ytd-playlist-video-renderer</arg>
<tag>Getter</tag>
<tag>PageContent</tag>
<doc>Returns a reference to Playwright [https://playwright.dev/docs/api/class-locator|Locator]
for all matched elements by ``selector``.</doc>
<status status="PASS" start="2025-07-17T09:40:54.241404" elapsed="0.071240"/>
</kw>
<for flavor="IN">
<iter>
<kw name="Evaluate JavaScript" owner="Browser">
<msg time="2025-07-17T09:40:54.358740" level="INFO">JavaScript executed successfully.</msg>
<msg time="2025-07-17T09:40:54.359756" level="INFO">${channel_name} = Fanggotten</msg>
<var>${channel_name}</var>
<arg>${video}</arg>
<arg>(el) =&gt; el.querySelector('div#byline-container a[href*="/@"]')?.textContent</arg>
<tag>Getter</tag>
<tag>PageContent</tag>
<tag>Setter</tag>
<doc>Executes given javascript on the selected element(s) or on page.</doc>
<status status="PASS" start="2025-07-17T09:40:54.316035" elapsed="0.044266"/>
</kw>
<kw name="Create Dictionary" owner="BuiltIn">
<msg time="2025-07-17T09:40:54.363056" level="INFO">${ns} = {'channel_name': 'Fanggotten'}</msg>
<var>${ns}</var>
<arg>channel_name=${channel_name}</arg>
<doc>Creates and returns a dictionary based on the given ``items``.</doc>
<status status="PASS" start="2025-07-17T09:40:54.360923" elapsed="0.002803"/>
</kw>
<kw name="Evaluate" owner="BuiltIn">
<msg time="2025-07-17T09:40:54.367359" level="INFO">${channel_name} = Fanggotten</msg>
<var>${channel_name}</var>
<arg>str(channel_name).strip()</arg>
<arg>namespace=${ns}</arg>
<doc>Evaluates the given expression in Python and returns the result.</doc>
<status status="PASS" start="2025-07-17T09:40:54.364343" elapsed="0.003510"/>
</kw>
<kw name="Run Keyword If" owner="BuiltIn">
<arg>'${channel_name}' == '${CHANNEL_TO_DELETE}'</arg>
<arg>Delete Single Movie</arg>
<arg>${video}</arg>
<doc>Runs the given keyword with the given arguments, if ``condition`` is true.</doc>
<status status="PASS" start="2025-07-17T09:40:54.368369" elapsed="0.002187"/>
</kw>
<kw name="Run Keyword If" owner="BuiltIn">
<arg>'${channel_name}' == '${CHANNEL_TO_DELETE}'</arg>
<arg>Set Variable</arg>
<arg>${deleted}</arg>
<arg>${True}</arg>
<doc>Runs the given keyword with the given arguments, if ``condition`` is true.</doc>
<status status="PASS" start="2025-07-17T09:40:54.371285" elapsed="0.001600"/>
</kw>
<kw name="Run Keyword If" owner="BuiltIn">
<arg>'${channel_name}' == '${CHANNEL_TO_DELETE}'</arg>
<arg>Exit For Loop</arg>
<doc>Runs the given keyword with the given arguments, if ``condition`` is true.</doc>
<status status="PASS" start="2025-07-17T09:40:54.373421" elapsed="0.001665"/>
</kw>
<var name="${video}">xpath=//ytd-playlist-video-renderer &gt;&gt; nth=0</var>
<status status="PASS" start="2025-07-17T09:40:54.314877" elapsed="0.060701"/>
</iter>
<iter>
<kw name="Evaluate JavaScript" owner="Browser">
<msg time="2025-07-17T09:40:54.399944" level="INFO">JavaScript executed successfully.</msg>
<msg time="2025-07-17T09:40:54.400864" level="INFO">${channel_name} = To Znowu Oni</msg>
<var>${channel_name}</var>
<arg>${video}</arg>
<arg>(el) =&gt; el.querySelector('div#byline-container a[href*="/@"]')?.textContent</arg>
<tag>Getter</tag>
<tag>PageContent</tag>
<tag>Setter</tag>
<doc>Executes given javascript on the selected element(s) or on page.</doc>
<status status="PASS" start="2025-07-17T09:40:54.377126" elapsed="0.024306"/>
</kw>
<kw name="Create Dictionary" owner="BuiltIn">
<msg time="2025-07-17T09:40:54.403899" level="INFO">${ns} = {'channel_name': 'To Znowu Oni'}</msg>
<var>${ns}</var>
<arg>channel_name=${channel_name}</arg>
<doc>Creates and returns a dictionary based on the given ``items``.</doc>
<status status="PASS" start="2025-07-17T09:40:54.402017" elapsed="0.002811"/>
</kw>
<kw name="Evaluate" owner="BuiltIn">
<msg time="2025-07-17T09:40:54.408309" level="INFO">${channel_name} = To Znowu Oni</msg>
<var>${channel_name}</var>
<arg>str(channel_name).strip()</arg>
<arg>namespace=${ns}</arg>
<doc>Evaluates the given expression in Python and returns the result.</doc>
<status status="PASS" start="2025-07-17T09:40:54.405559" elapsed="0.003443"/>
</kw>
<kw name="Run Keyword If" owner="BuiltIn">
<arg>'${channel_name}' == '${CHANNEL_TO_DELETE}'</arg>
<arg>Delete Single Movie</arg>
<arg>${video}</arg>
<doc>Runs the given keyword with the given arguments, if ``condition`` is true.</doc>
<status status="PASS" start="2025-07-17T09:40:54.409596" elapsed="0.002454"/>
</kw>
<kw name="Run Keyword If" owner="BuiltIn">
<arg>'${channel_name}' == '${CHANNEL_TO_DELETE}'</arg>
<arg>Set Variable</arg>
<arg>${deleted}</arg>
<arg>${True}</arg>
<doc>Runs the given keyword with the given arguments, if ``condition`` is true.</doc>
<status status="PASS" start="2025-07-17T09:40:54.412655" elapsed="0.001633"/>
</kw>
<kw name="Run Keyword If" owner="BuiltIn">
<arg>'${channel_name}' == '${CHANNEL_TO_DELETE}'</arg>
<arg>Exit For Loop</arg>
<doc>Runs the given keyword with the given arguments, if ``condition`` is true.</doc>
<status status="PASS" start="2025-07-17T09:40:54.414904" elapsed="0.001431"/>
</kw>
<var name="${video}">xpath=//ytd-playlist-video-renderer &gt;&gt; nth=1</var>
<status status="PASS" start="2025-07-17T09:40:54.376235" elapsed="0.040419"/>
</iter>
<iter>
<kw name="Evaluate JavaScript" owner="Browser">
<msg time="2025-07-17T09:40:54.443943" level="INFO">JavaScript executed successfully.</msg>
<msg time="2025-07-17T09:40:54.445057" level="INFO">${channel_name} = CD-Action</msg>
<var>${channel_name}</var>
<arg>${video}</arg>
<arg>(el) =&gt; el.querySelector('div#byline-container a[href*="/@"]')?.textContent</arg>
<tag>Getter</tag>
<tag>PageContent</tag>
<tag>Setter</tag>
<doc>Executes given javascript on the selected element(s) or on page.</doc>
<status status="PASS" start="2025-07-17T09:40:54.417865" elapsed="0.027834"/>
</kw>
<kw name="Create Dictionary" owner="BuiltIn">
<msg time="2025-07-17T09:40:54.448193" level="INFO">${ns} = {'channel_name': 'CD-Action'}</msg>
<var>${ns}</var>
<arg>channel_name=${channel_name}</arg>
<doc>Creates and returns a dictionary based on the given ``items``.</doc>
<status status="PASS" start="2025-07-17T09:40:54.446364" elapsed="0.002695"/>
</kw>
<kw name="Evaluate" owner="BuiltIn">
<msg time="2025-07-17T09:40:54.452526" level="INFO">${channel_name} = CD-Action</msg>
<var>${channel_name}</var>
<arg>str(channel_name).strip()</arg>
<arg>namespace=${ns}</arg>
<doc>Evaluates the given expression in Python and returns the result.</doc>
<status status="PASS" start="2025-07-17T09:40:54.449611" elapsed="0.003505"/>
</kw>
<kw name="Run Keyword If" owner="BuiltIn">
<arg>'${channel_name}' == '${CHANNEL_TO_DELETE}'</arg>
<arg>Delete Single Movie</arg>
<arg>${video}</arg>
<doc>Runs the given keyword with the given arguments, if ``condition`` is true.</doc>
<status status="PASS" start="2025-07-17T09:40:54.453668" elapsed="0.002245"/>
</kw>
<kw name="Run Keyword If" owner="BuiltIn">
<arg>'${channel_name}' == '${CHANNEL_TO_DELETE}'</arg>
<arg>Set Variable</arg>
<arg>${deleted}</arg>
<arg>${True}</arg>
<doc>Runs the given keyword with the given arguments, if ``condition`` is true.</doc>
<status status="PASS" start="2025-07-17T09:40:54.456664" elapsed="0.002068"/>
</kw>
<kw name="Run Keyword If" owner="BuiltIn">
<arg>'${channel_name}' == '${CHANNEL_TO_DELETE}'</arg>
<arg>Exit For Loop</arg>
<doc>Runs the given keyword with the given arguments, if ``condition`` is true.</doc>
<status status="PASS" start="2025-07-17T09:40:54.459450" elapsed="0.001820"/>
</kw>
<var name="${video}">xpath=//ytd-playlist-video-renderer &gt;&gt; nth=2</var>
<status status="PASS" start="2025-07-17T09:40:54.417111" elapsed="0.044447"/>
</iter>
<iter>
<kw name="Evaluate JavaScript" owner="Browser">
<msg time="2025-07-17T09:40:54.480011" level="INFO">JavaScript executed successfully.</msg>
<msg time="2025-07-17T09:40:54.480548" level="INFO">${channel_name} = To Znowu Oni</msg>
<var>${channel_name}</var>
<arg>${video}</arg>
<arg>(el) =&gt; el.querySelector('div#byline-container a[href*="/@"]')?.textContent</arg>
<tag>Getter</tag>
<tag>PageContent</tag>
<tag>Setter</tag>
<doc>Executes given javascript on the selected element(s) or on page.</doc>
<status status="PASS" start="2025-07-17T09:40:54.462709" elapsed="0.018109"/>
</kw>
<kw name="Create Dictionary" owner="BuiltIn">
<msg time="2025-07-17T09:40:54.482181" level="INFO">${ns} = {'channel_name': 'To Znowu Oni'}</msg>
<var>${ns}</var>
<arg>channel_name=${channel_name}</arg>
<doc>Creates and returns a dictionary based on the given ``items``.</doc>
<status status="PASS" start="2025-07-17T09:40:54.481164" elapsed="0.001331"/>
</kw>
<kw name="Evaluate" owner="BuiltIn">
<msg time="2025-07-17T09:40:54.484901" level="INFO">${channel_name} = To Znowu Oni</msg>
<var>${channel_name}</var>
<arg>str(channel_name).strip()</arg>
<arg>namespace=${ns}</arg>
<doc>Evaluates the given expression in Python and returns the result.</doc>
<status status="PASS" start="2025-07-17T09:40:54.482876" elapsed="0.002580"/>
</kw>
<kw name="Run Keyword If" owner="BuiltIn">
<arg>'${channel_name}' == '${CHANNEL_TO_DELETE}'</arg>
<arg>Delete Single Movie</arg>
<arg>${video}</arg>
<doc>Runs the given keyword with the given arguments, if ``condition`` is true.</doc>
<status status="PASS" start="2025-07-17T09:40:54.485985" elapsed="0.001594"/>
</kw>
<kw name="Run Keyword If" owner="BuiltIn">
<arg>'${channel_name}' == '${CHANNEL_TO_DELETE}'</arg>
<arg>Set Variable</arg>
<arg>${deleted}</arg>
<arg>${True}</arg>
<doc>Runs the given keyword with the given arguments, if ``condition`` is true.</doc>
<status status="PASS" start="2025-07-17T09:40:54.488030" elapsed="0.000974"/>
</kw>
<kw name="Run Keyword If" owner="BuiltIn">
<arg>'${channel_name}' == '${CHANNEL_TO_DELETE}'</arg>
<arg>Exit For Loop</arg>
<doc>Runs the given keyword with the given arguments, if ``condition`` is true.</doc>
<status status="PASS" start="2025-07-17T09:40:54.489250" elapsed="0.000833"/>
</kw>
<var name="${video}">xpath=//ytd-playlist-video-renderer &gt;&gt; nth=3</var>
<status status="PASS" start="2025-07-17T09:40:54.461947" elapsed="0.028297"/>
</iter>
<iter>
<kw name="Evaluate JavaScript" owner="Browser">
<msg time="2025-07-17T09:40:54.503596" level="INFO">JavaScript executed successfully.</msg>
<msg time="2025-07-17T09:40:54.504519" level="INFO">${channel_name} = Nad Horyzontem Zdarzeń</msg>
<var>${channel_name}</var>
<arg>${video}</arg>
<arg>(el) =&gt; el.querySelector('div#byline-container a[href*="/@"]')?.textContent</arg>
<tag>Getter</tag>
<tag>PageContent</tag>
<tag>Setter</tag>
<doc>Executes given javascript on the selected element(s) or on page.</doc>
<status status="PASS" start="2025-07-17T09:40:54.490909" elapsed="0.014059"/>
</kw>
<kw name="Create Dictionary" owner="BuiltIn">
<msg time="2025-07-17T09:40:54.507144" level="INFO">${ns} = {'channel_name': 'Nad Horyzontem Zdarzeń'}</msg>
<var>${ns}</var>
<arg>channel_name=${channel_name}</arg>
<doc>Creates and returns a dictionary based on the given ``items``.</doc>
<status status="PASS" start="2025-07-17T09:40:54.505548" elapsed="0.002016"/>
</kw>
<kw name="Evaluate" owner="BuiltIn">
<msg time="2025-07-17T09:40:54.510429" level="INFO">${channel_name} = Nad Horyzontem Zdarzeń</msg>
<var>${channel_name}</var>
<arg>str(channel_name).strip()</arg>
<arg>namespace=${ns}</arg>
<doc>Evaluates the given expression in Python and returns the result.</doc>
<status status="PASS" start="2025-07-17T09:40:54.508035" elapsed="0.002805"/>
</kw>
<kw name="Run Keyword If" owner="BuiltIn">
<arg>'${channel_name}' == '${CHANNEL_TO_DELETE}'</arg>
<arg>Delete Single Movie</arg>
<arg>${video}</arg>
<doc>Runs the given keyword with the given arguments, if ``condition`` is true.</doc>
<status status="PASS" start="2025-07-17T09:40:54.511391" elapsed="0.002182"/>
</kw>
<kw name="Run Keyword If" owner="BuiltIn">
<arg>'${channel_name}' == '${CHANNEL_TO_DELETE}'</arg>
<arg>Set Variable</arg>
<arg>${deleted}</arg>
<arg>${True}</arg>
<doc>Runs the given keyword with the given arguments, if ``condition`` is true.</doc>
<status status="PASS" start="2025-07-17T09:40:54.514286" elapsed="0.001644"/>
</kw>
<kw name="Run Keyword If" owner="BuiltIn">
<arg>'${channel_name}' == '${CHANNEL_TO_DELETE}'</arg>
<arg>Exit For Loop</arg>
<doc>Runs the given keyword with the given arguments, if ``condition`` is true.</doc>
<status status="PASS" start="2025-07-17T09:40:54.516398" elapsed="0.001541"/>
</kw>
<var name="${video}">xpath=//ytd-playlist-video-renderer &gt;&gt; nth=4</var>
<status status="PASS" start="2025-07-17T09:40:54.490479" elapsed="0.027747"/>
</iter>
<iter>
<kw name="Evaluate JavaScript" owner="Browser">
<msg time="2025-07-17T09:40:54.542475" level="INFO">JavaScript executed successfully.</msg>
<msg time="2025-07-17T09:40:54.543393" level="INFO">${channel_name} = Skryptorium</msg>
<var>${channel_name}</var>
<arg>${video}</arg>
<arg>(el) =&gt; el.querySelector('div#byline-container a[href*="/@"]')?.textContent</arg>
<tag>Getter</tag>
<tag>PageContent</tag>
<tag>Setter</tag>
<doc>Executes given javascript on the selected element(s) or on page.</doc>
<status status="PASS" start="2025-07-17T09:40:54.519585" elapsed="0.024281"/>
</kw>
<kw name="Create Dictionary" owner="BuiltIn">
<msg time="2025-07-17T09:40:54.546386" level="INFO">${ns} = {'channel_name': 'Skryptorium'}</msg>
<var>${ns}</var>
<arg>channel_name=${channel_name}</arg>
<doc>Creates and returns a dictionary based on the given ``items``.</doc>
<status status="PASS" start="2025-07-17T09:40:54.544492" elapsed="0.002466"/>
</kw>
<kw name="Evaluate" owner="BuiltIn">
<msg time="2025-07-17T09:40:54.550403" level="INFO">${channel_name} = Skryptorium</msg>
<var>${channel_name}</var>
<arg>str(channel_name).strip()</arg>
<arg>namespace=${ns}</arg>
<doc>Evaluates the given expression in Python and returns the result.</doc>
<status status="PASS" start="2025-07-17T09:40:54.547586" elapsed="0.003436"/>
</kw>
<kw name="Run Keyword If" owner="BuiltIn">
<arg>'${channel_name}' == '${CHANNEL_TO_DELETE}'</arg>
<arg>Delete Single Movie</arg>
<arg>${video}</arg>
<doc>Runs the given keyword with the given arguments, if ``condition`` is true.</doc>
<status status="PASS" start="2025-07-17T09:40:54.551576" elapsed="0.002449"/>
</kw>
<kw name="Run Keyword If" owner="BuiltIn">
<arg>'${channel_name}' == '${CHANNEL_TO_DELETE}'</arg>
<arg>Set Variable</arg>
<arg>${deleted}</arg>
<arg>${True}</arg>
<doc>Runs the given keyword with the given arguments, if ``condition`` is true.</doc>
<status status="PASS" start="2025-07-17T09:40:54.554670" elapsed="0.001842"/>
</kw>
<kw name="Run Keyword If" owner="BuiltIn">
<arg>'${channel_name}' == '${CHANNEL_TO_DELETE}'</arg>
<arg>Exit For Loop</arg>
<doc>Runs the given keyword with the given arguments, if ``condition`` is true.</doc>
<status status="PASS" start="2025-07-17T09:40:54.557118" elapsed="0.002203"/>
</kw>
<var name="${video}">xpath=//ytd-playlist-video-renderer &gt;&gt; nth=5</var>
<status status="PASS" start="2025-07-17T09:40:54.518802" elapsed="0.040972"/>
</iter>
<iter>
<kw name="Evaluate JavaScript" owner="Browser">
<msg time="2025-07-17T09:40:54.582967" level="INFO">JavaScript executed successfully.</msg>
<msg time="2025-07-17T09:40:54.583957" level="INFO">${channel_name} = CD-Action</msg>
<var>${channel_name}</var>
<arg>${video}</arg>
<arg>(el) =&gt; el.querySelector('div#byline-container a[href*="/@"]')?.textContent</arg>
<tag>Getter</tag>
<tag>PageContent</tag>
<tag>Setter</tag>
<doc>Executes given javascript on the selected element(s) or on page.</doc>
<status status="PASS" start="2025-07-17T09:40:54.561142" elapsed="0.023379"/>
</kw>
<kw name="Create Dictionary" owner="BuiltIn">
<msg time="2025-07-17T09:40:54.587178" level="INFO">${ns} = {'channel_name': 'CD-Action'}</msg>
<var>${ns}</var>
<arg>channel_name=${channel_name}</arg>
<doc>Creates and returns a dictionary based on the given ``items``.</doc>
<status status="PASS" start="2025-07-17T09:40:54.585165" elapsed="0.002547"/>
</kw>
<kw name="Evaluate" owner="BuiltIn">
<msg time="2025-07-17T09:40:54.591010" level="INFO">${channel_name} = CD-Action</msg>
<var>${channel_name}</var>
<arg>str(channel_name).strip()</arg>
<arg>namespace=${ns}</arg>
<doc>Evaluates the given expression in Python and returns the result.</doc>
<status status="PASS" start="2025-07-17T09:40:54.588352" elapsed="0.003204"/>
</kw>
<kw name="Run Keyword If" owner="BuiltIn">
<arg>'${channel_name}' == '${CHANNEL_TO_DELETE}'</arg>
<arg>Delete Single Movie</arg>
<arg>${video}</arg>
<doc>Runs the given keyword with the given arguments, if ``condition`` is true.</doc>
<status status="PASS" start="2025-07-17T09:40:54.592273" elapsed="0.002518"/>
</kw>
<kw name="Run Keyword If" owner="BuiltIn">
<arg>'${channel_name}' == '${CHANNEL_TO_DELETE}'</arg>
<arg>Set Variable</arg>
<arg>${deleted}</arg>
<arg>${True}</arg>
<doc>Runs the given keyword with the given arguments, if ``condition`` is true.</doc>
<status status="PASS" start="2025-07-17T09:40:54.595495" elapsed="0.001676"/>
</kw>
<kw name="Run Keyword If" owner="BuiltIn">
<arg>'${channel_name}' == '${CHANNEL_TO_DELETE}'</arg>
<arg>Exit For Loop</arg>
<doc>Runs the given keyword with the given arguments, if ``condition`` is true.</doc>
<status status="PASS" start="2025-07-17T09:40:54.597634" elapsed="0.001463"/>
</kw>
<var name="${video}">xpath=//ytd-playlist-video-renderer &gt;&gt; nth=6</var>
<status status="PASS" start="2025-07-17T09:40:54.560244" elapsed="0.039128"/>
</iter>
<iter>
<kw name="Evaluate JavaScript" owner="Browser">
<msg time="2025-07-17T09:40:54.621368" level="INFO">JavaScript executed successfully.</msg>
<msg time="2025-07-17T09:40:54.622230" level="INFO">${channel_name} = Generator Frajdy - Streamy</msg>
<var>${channel_name}</var>
<arg>${video}</arg>
<arg>(el) =&gt; el.querySelector('div#byline-container a[href*="/@"]')?.textContent</arg>
<tag>Getter</tag>
<tag>PageContent</tag>
<tag>Setter</tag>
<doc>Executes given javascript on the selected element(s) or on page.</doc>
<status status="PASS" start="2025-07-17T09:40:54.600517" elapsed="0.022163"/>
</kw>
<kw name="Create Dictionary" owner="BuiltIn">
<msg time="2025-07-17T09:40:54.625286" level="INFO">${ns} = {'channel_name': 'Generator Frajdy - Streamy'}</msg>
<var>${ns}</var>
<arg>channel_name=${channel_name}</arg>
<doc>Creates and returns a dictionary based on the given ``items``.</doc>
<status status="PASS" start="2025-07-17T09:40:54.623255" elapsed="0.002689"/>
</kw>
<kw name="Evaluate" owner="BuiltIn">
<msg time="2025-07-17T09:40:54.629530" level="INFO">${channel_name} = Generator Frajdy - Streamy</msg>
<var>${channel_name}</var>
<arg>str(channel_name).strip()</arg>
<arg>namespace=${ns}</arg>
<doc>Evaluates the given expression in Python and returns the result.</doc>
<status status="PASS" start="2025-07-17T09:40:54.626655" elapsed="0.003377"/>
</kw>
<kw name="Run Keyword If" owner="BuiltIn">
<arg>'${channel_name}' == '${CHANNEL_TO_DELETE}'</arg>
<arg>Delete Single Movie</arg>
<arg>${video}</arg>
<doc>Runs the given keyword with the given arguments, if ``condition`` is true.</doc>
<status status="PASS" start="2025-07-17T09:40:54.630552" elapsed="0.002305"/>
</kw>
<kw name="Run Keyword If" owner="BuiltIn">
<arg>'${channel_name}' == '${CHANNEL_TO_DELETE}'</arg>
<arg>Set Variable</arg>
<arg>${deleted}</arg>
<arg>${True}</arg>
<doc>Runs the given keyword with the given arguments, if ``condition`` is true.</doc>
<status status="PASS" start="2025-07-17T09:40:54.633393" elapsed="0.001524"/>
</kw>
<kw name="Run Keyword If" owner="BuiltIn">
<arg>'${channel_name}' == '${CHANNEL_TO_DELETE}'</arg>
<arg>Exit For Loop</arg>
<doc>Runs the given keyword with the given arguments, if ``condition`` is true.</doc>
<status status="PASS" start="2025-07-17T09:40:54.635354" elapsed="0.001417"/>
</kw>
<var name="${video}">xpath=//ytd-playlist-video-renderer &gt;&gt; nth=7</var>
<status status="PASS" start="2025-07-17T09:40:54.599754" elapsed="0.037288"/>
</iter>
<iter>
<kw name="Evaluate JavaScript" owner="Browser">
<msg time="2025-07-17T09:40:54.657010" level="INFO">JavaScript executed successfully.</msg>
<msg time="2025-07-17T09:40:54.657669" level="INFO">${channel_name} = </msg>
<var>${channel_name}</var>
<arg>${video}</arg>
<arg>(el) =&gt; el.querySelector('div#byline-container a[href*="/@"]')?.textContent</arg>
<tag>Getter</tag>
<tag>PageContent</tag>
<tag>Setter</tag>
<doc>Executes given javascript on the selected element(s) or on page.</doc>
<status status="PASS" start="2025-07-17T09:40:54.638168" elapsed="0.019911"/>
</kw>
<kw name="Create Dictionary" owner="BuiltIn">
<msg time="2025-07-17T09:40:54.659850" level="INFO">${ns} = {'channel_name': ''}</msg>
<var>${ns}</var>
<arg>channel_name=${channel_name}</arg>
<doc>Creates and returns a dictionary based on the given ``items``.</doc>
<status status="PASS" start="2025-07-17T09:40:54.658616" elapsed="0.001724"/>
</kw>
<kw name="Evaluate" owner="BuiltIn">
<msg time="2025-07-17T09:40:54.662310" level="INFO">${channel_name} = </msg>
<var>${channel_name}</var>
<arg>str(channel_name).strip()</arg>
<arg>namespace=${ns}</arg>
<doc>Evaluates the given expression in Python and returns the result.</doc>
<status status="PASS" start="2025-07-17T09:40:54.660654" elapsed="0.002006"/>
</kw>
<kw name="Run Keyword If" owner="BuiltIn">
<arg>'${channel_name}' == '${CHANNEL_TO_DELETE}'</arg>
<arg>Delete Single Movie</arg>
<arg>${video}</arg>
<doc>Runs the given keyword with the given arguments, if ``condition`` is true.</doc>
<status status="PASS" start="2025-07-17T09:40:54.662992" elapsed="0.001427"/>
</kw>
<kw name="Run Keyword If" owner="BuiltIn">
<arg>'${channel_name}' == '${CHANNEL_TO_DELETE}'</arg>
<arg>Set Variable</arg>
<arg>${deleted}</arg>
<arg>${True}</arg>
<doc>Runs the given keyword with the given arguments, if ``condition`` is true.</doc>
<status status="PASS" start="2025-07-17T09:40:54.664874" elapsed="0.000964"/>
</kw>
<kw name="Run Keyword If" owner="BuiltIn">
<arg>'${channel_name}' == '${CHANNEL_TO_DELETE}'</arg>
<arg>Exit For Loop</arg>
<doc>Runs the given keyword with the given arguments, if ``condition`` is true.</doc>
<status status="PASS" start="2025-07-17T09:40:54.666136" elapsed="0.000864"/>
</kw>
<var name="${video}">xpath=//ytd-playlist-video-renderer &gt;&gt; nth=8</var>
<status status="PASS" start="2025-07-17T09:40:54.637418" elapsed="0.029764"/>
</iter>
<iter>
<kw name="Evaluate JavaScript" owner="Browser">
<msg time="2025-07-17T09:40:54.682170" level="INFO">JavaScript executed successfully.</msg>
<msg time="2025-07-17T09:40:54.682749" level="INFO">${channel_name} = Uwaga! Naukowy Bełkot</msg>
<var>${channel_name}</var>
<arg>${video}</arg>
<arg>(el) =&gt; el.querySelector('div#byline-container a[href*="/@"]')?.textContent</arg>
<tag>Getter</tag>
<tag>PageContent</tag>
<tag>Setter</tag>
<doc>Executes given javascript on the selected element(s) or on page.</doc>
<status status="PASS" start="2025-07-17T09:40:54.667883" elapsed="0.015189"/>
</kw>
<kw name="Create Dictionary" owner="BuiltIn">
<msg time="2025-07-17T09:40:54.684499" level="INFO">${ns} = {'channel_name': 'Uwaga! Naukowy Bełkot'}</msg>
<var>${ns}</var>
<arg>channel_name=${channel_name}</arg>
<doc>Creates and returns a dictionary based on the given ``items``.</doc>
<status status="PASS" start="2025-07-17T09:40:54.683406" elapsed="0.001391"/>
</kw>
<kw name="Evaluate" owner="BuiltIn">
<msg time="2025-07-17T09:40:54.686562" level="INFO">${channel_name} = Uwaga! Naukowy Bełkot</msg>
<var>${channel_name}</var>
<arg>str(channel_name).strip()</arg>
<arg>namespace=${ns}</arg>
<doc>Evaluates the given expression in Python and returns the result.</doc>
<status status="PASS" start="2025-07-17T09:40:54.685087" elapsed="0.001737"/>
</kw>
<kw name="Run Keyword If" owner="BuiltIn">
<arg>'${channel_name}' == '${CHANNEL_TO_DELETE}'</arg>
<arg>Delete Single Movie</arg>
<arg>${video}</arg>
<doc>Runs the given keyword with the given arguments, if ``condition`` is true.</doc>
<status status="PASS" start="2025-07-17T09:40:54.687114" elapsed="0.001204"/>
</kw>
<kw name="Run Keyword If" owner="BuiltIn">
<arg>'${channel_name}' == '${CHANNEL_TO_DELETE}'</arg>
<arg>Set Variable</arg>
<arg>${deleted}</arg>
<arg>${True}</arg>
<doc>Runs the given keyword with the given arguments, if ``condition`` is true.</doc>
<status status="PASS" start="2025-07-17T09:40:54.688712" elapsed="0.000897"/>
</kw>
<kw name="Run Keyword If" owner="BuiltIn">
<arg>'${channel_name}' == '${CHANNEL_TO_DELETE}'</arg>
<arg>Exit For Loop</arg>
<doc>Runs the given keyword with the given arguments, if ``condition`` is true.</doc>
<status status="PASS" start="2025-07-17T09:40:54.689882" elapsed="0.000854"/>
</kw>
<var name="${video}">xpath=//ytd-playlist-video-renderer &gt;&gt; nth=9</var>
<status status="PASS" start="2025-07-17T09:40:54.667439" elapsed="0.023466"/>
</iter>
<iter>
<kw name="Evaluate JavaScript" owner="Browser">
<msg time="2025-07-17T09:40:54.706919" level="INFO">JavaScript executed successfully.</msg>
<msg time="2025-07-17T09:40:54.707564" level="INFO">${channel_name} = Generator Frajdy - Streamy</msg>
<var>${channel_name}</var>
<arg>${video}</arg>
<arg>(el) =&gt; el.querySelector('div#byline-container a[href*="/@"]')?.textContent</arg>
<tag>Getter</tag>
<tag>PageContent</tag>
<tag>Setter</tag>
<doc>Executes given javascript on the selected element(s) or on page.</doc>
<status status="PASS" start="2025-07-17T09:40:54.691746" elapsed="0.016259"/>
</kw>
<kw name="Create Dictionary" owner="BuiltIn">
<msg time="2025-07-17T09:40:54.709788" level="INFO">${ns} = {'channel_name': 'Generator Frajdy - Streamy'}</msg>
<var>${ns}</var>
<arg>channel_name=${channel_name}</arg>
<doc>Creates and returns a dictionary based on the given ``items``.</doc>
<status status="PASS" start="2025-07-17T09:40:54.708480" elapsed="0.001617"/>
</kw>
<kw name="Evaluate" owner="BuiltIn">
<msg time="2025-07-17T09:40:54.712011" level="INFO">${channel_name} = Generator Frajdy - Streamy</msg>
<var>${channel_name}</var>
<arg>str(channel_name).strip()</arg>
<arg>namespace=${ns}</arg>
<doc>Evaluates the given expression in Python and returns the result.</doc>
<status status="PASS" start="2025-07-17T09:40:54.710447" elapsed="0.001832"/>
</kw>
<kw name="Run Keyword If" owner="BuiltIn">
<arg>'${channel_name}' == '${CHANNEL_TO_DELETE}'</arg>
<arg>Delete Single Movie</arg>
<arg>${video}</arg>
<doc>Runs the given keyword with the given arguments, if ``condition`` is true.</doc>
<status status="PASS" start="2025-07-17T09:40:54.712609" elapsed="0.001264"/>
</kw>
<kw name="Run Keyword If" owner="BuiltIn">
<arg>'${channel_name}' == '${CHANNEL_TO_DELETE}'</arg>
<arg>Set Variable</arg>
<arg>${deleted}</arg>
<arg>${True}</arg>
<doc>Runs the given keyword with the given arguments, if ``condition`` is true.</doc>
<status status="PASS" start="2025-07-17T09:40:54.714223" elapsed="0.000974"/>
</kw>
<kw name="Run Keyword If" owner="BuiltIn">
<arg>'${channel_name}' == '${CHANNEL_TO_DELETE}'</arg>
<arg>Exit For Loop</arg>
<doc>Runs the given keyword with the given arguments, if ``condition`` is true.</doc>
<status status="PASS" start="2025-07-17T09:40:54.715478" elapsed="0.000900"/>
</kw>
<var name="${video}">xpath=//ytd-playlist-video-renderer &gt;&gt; nth=10</var>
<status status="PASS" start="2025-07-17T09:40:54.691185" elapsed="0.025374"/>
</iter>
<iter>
<kw name="Evaluate JavaScript" owner="Browser">
<msg time="2025-07-17T09:40:54.731506" level="INFO">JavaScript executed successfully.</msg>
<msg time="2025-07-17T09:40:54.732075" level="INFO">${channel_name} = Skryptorium</msg>
<var>${channel_name}</var>
<arg>${video}</arg>
<arg>(el) =&gt; el.querySelector('div#byline-container a[href*="/@"]')?.textContent</arg>
<tag>Getter</tag>
<tag>PageContent</tag>
<tag>Setter</tag>
<doc>Executes given javascript on the selected element(s) or on page.</doc>
<status status="PASS" start="2025-07-17T09:40:54.717249" elapsed="0.015173"/>
</kw>
<kw name="Create Dictionary" owner="BuiltIn">
<msg time="2025-07-17T09:40:54.733763" level="INFO">${ns} = {'channel_name': 'Skryptorium'}</msg>
<var>${ns}</var>
<arg>channel_name=${channel_name}</arg>
<doc>Creates and returns a dictionary based on the given ``items``.</doc>
<status status="PASS" start="2025-07-17T09:40:54.732761" elapsed="0.001306"/>
</kw>
<kw name="Evaluate" owner="BuiltIn">
<msg time="2025-07-17T09:40:54.735850" level="INFO">${channel_name} = Skryptorium</msg>
<var>${channel_name}</var>
<arg>str(channel_name).strip()</arg>
<arg>namespace=${ns}</arg>
<doc>Evaluates the given expression in Python and returns the result.</doc>
<status status="PASS" start="2025-07-17T09:40:54.734340" elapsed="0.001848"/>
</kw>
<kw name="Run Keyword If" owner="BuiltIn">
<arg>'${channel_name}' == '${CHANNEL_TO_DELETE}'</arg>
<arg>Delete Single Movie</arg>
<arg>${video}</arg>
<doc>Runs the given keyword with the given arguments, if ``condition`` is true.</doc>
<status status="PASS" start="2025-07-17T09:40:54.736471" elapsed="0.001240"/>
</kw>
<kw name="Run Keyword If" owner="BuiltIn">
<arg>'${channel_name}' == '${CHANNEL_TO_DELETE}'</arg>
<arg>Set Variable</arg>
<arg>${deleted}</arg>
<arg>${True}</arg>
<doc>Runs the given keyword with the given arguments, if ``condition`` is true.</doc>
<status status="PASS" start="2025-07-17T09:40:54.737994" elapsed="0.000858"/>
</kw>
<kw name="Run Keyword If" owner="BuiltIn">
<arg>'${channel_name}' == '${CHANNEL_TO_DELETE}'</arg>
<arg>Exit For Loop</arg>
<doc>Runs the given keyword with the given arguments, if ``condition`` is true.</doc>
<status status="PASS" start="2025-07-17T09:40:54.739101" elapsed="0.000713"/>
</kw>
<var name="${video}">xpath=//ytd-playlist-video-renderer &gt;&gt; nth=11</var>
<status status="PASS" start="2025-07-17T09:40:54.716814" elapsed="0.023128"/>
</iter>
<iter>
<kw name="Evaluate JavaScript" owner="Browser">
<msg time="2025-07-17T09:40:54.752178" level="INFO">JavaScript executed successfully.</msg>
<msg time="2025-07-17T09:40:54.752755" level="INFO">${channel_name} = Powojnie</msg>
<var>${channel_name}</var>
<arg>${video}</arg>
<arg>(el) =&gt; el.querySelector('div#byline-container a[href*="/@"]')?.textContent</arg>
<tag>Getter</tag>
<tag>PageContent</tag>
<tag>Setter</tag>
<doc>Executes given javascript on the selected element(s) or on page.</doc>
<status status="PASS" start="2025-07-17T09:40:54.740479" elapsed="0.012577"/>
</kw>
<kw name="Create Dictionary" owner="BuiltIn">
<msg time="2025-07-17T09:40:54.754349" level="INFO">${ns} = {'channel_name': 'Powojnie'}</msg>
<var>${ns}</var>
<arg>channel_name=${channel_name}</arg>
<doc>Creates and returns a dictionary based on the given ``items``.</doc>
<status status="PASS" start="2025-07-17T09:40:54.753381" elapsed="0.001203"/>
</kw>
<kw name="Evaluate" owner="BuiltIn">
<msg time="2025-07-17T09:40:54.756201" level="INFO">${channel_name} = Powojnie</msg>
<var>${channel_name}</var>
<arg>str(channel_name).strip()</arg>
<arg>namespace=${ns}</arg>
<doc>Evaluates the given expression in Python and returns the result.</doc>
<status status="PASS" start="2025-07-17T09:40:54.754869" elapsed="0.001562"/>
</kw>
<kw name="Run Keyword If" owner="BuiltIn">
<arg>'${channel_name}' == '${CHANNEL_TO_DELETE}'</arg>
<arg>Delete Single Movie</arg>
<arg>${video}</arg>
<doc>Runs the given keyword with the given arguments, if ``condition`` is true.</doc>
<status status="PASS" start="2025-07-17T09:40:54.756685" elapsed="0.001111"/>
</kw>
<kw name="Run Keyword If" owner="BuiltIn">
<arg>'${channel_name}' == '${CHANNEL_TO_DELETE}'</arg>
<arg>Set Variable</arg>
<arg>${deleted}</arg>
<arg>${True}</arg>
<doc>Runs the given keyword with the given arguments, if ``condition`` is true.</doc>
<status status="PASS" start="2025-07-17T09:40:54.758257" elapsed="0.001236"/>
</kw>
<kw name="Run Keyword If" owner="BuiltIn">
<arg>'${channel_name}' == '${CHANNEL_TO_DELETE}'</arg>
<arg>Exit For Loop</arg>
<doc>Runs the given keyword with the given arguments, if ``condition`` is true.</doc>
<status status="PASS" start="2025-07-17T09:40:54.759763" elapsed="0.000724"/>
</kw>
<var name="${video}">xpath=//ytd-playlist-video-renderer &gt;&gt; nth=12</var>
<status status="PASS" start="2025-07-17T09:40:54.740128" elapsed="0.020488"/>
</iter>
<iter>
<kw name="Evaluate JavaScript" owner="Browser">
<msg time="2025-07-17T09:40:54.772950" level="INFO">JavaScript executed successfully.</msg>
<msg time="2025-07-17T09:40:54.773476" level="INFO">${channel_name} = Footbreak</msg>
<var>${channel_name}</var>
<arg>${video}</arg>
<arg>(el) =&gt; el.querySelector('div#byline-container a[href*="/@"]')?.textContent</arg>
<tag>Getter</tag>
<tag>PageContent</tag>
<tag>Setter</tag>
<doc>Executes given javascript on the selected element(s) or on page.</doc>
<status status="PASS" start="2025-07-17T09:40:54.761190" elapsed="0.012606"/>
</kw>
<kw name="Create Dictionary" owner="BuiltIn">
<msg time="2025-07-17T09:40:54.775368" level="INFO">${ns} = {'channel_name': 'Footbreak'}</msg>
<var>${ns}</var>
<arg>channel_name=${channel_name}</arg>
<doc>Creates and returns a dictionary based on the given ``items``.</doc>
<status status="PASS" start="2025-07-17T09:40:54.774095" elapsed="0.001677"/>
</kw>
<kw name="Evaluate" owner="BuiltIn">
<msg time="2025-07-17T09:40:54.777515" level="INFO">${channel_name} = Footbreak</msg>
<var>${channel_name}</var>
<arg>str(channel_name).strip()</arg>
<arg>namespace=${ns}</arg>
<doc>Evaluates the given expression in Python and returns the result.</doc>
<status status="PASS" start="2025-07-17T09:40:54.776078" elapsed="0.001684"/>
</kw>
<kw name="Run Keyword If" owner="BuiltIn">
<arg>'${channel_name}' == '${CHANNEL_TO_DELETE}'</arg>
<arg>Delete Single Movie</arg>
<arg>${video}</arg>
<doc>Runs the given keyword with the given arguments, if ``condition`` is true.</doc>
<status status="PASS" start="2025-07-17T09:40:54.778017" elapsed="0.001036"/>
</kw>
<kw name="Run Keyword If" owner="BuiltIn">
<arg>'${channel_name}' == '${CHANNEL_TO_DELETE}'</arg>
<arg>Set Variable</arg>
<arg>${deleted}</arg>
<arg>${True}</arg>
<doc>Runs the given keyword with the given arguments, if ``condition`` is true.</doc>
<status status="PASS" start="2025-07-17T09:40:54.779381" elapsed="0.000751"/>
</kw>
<kw name="Run Keyword If" owner="BuiltIn">
<arg>'${channel_name}' == '${CHANNEL_TO_DELETE}'</arg>
<arg>Exit For Loop</arg>
<doc>Runs the given keyword with the given arguments, if ``condition`` is true.</doc>
<status status="PASS" start="2025-07-17T09:40:54.780337" elapsed="0.000662"/>
</kw>
<var name="${video}">xpath=//ytd-playlist-video-renderer &gt;&gt; nth=13</var>
<status status="PASS" start="2025-07-17T09:40:54.760828" elapsed="0.020298"/>
</iter>
<iter>
<kw name="Evaluate JavaScript" owner="Browser">
<msg time="2025-07-17T09:40:54.792999" level="INFO">JavaScript executed successfully.</msg>
<msg time="2025-07-17T09:40:54.793572" level="INFO">${channel_name} = Oblicza XX Wieku</msg>
<var>${channel_name}</var>
<arg>${video}</arg>
<arg>(el) =&gt; el.querySelector('div#byline-container a[href*="/@"]')?.textContent</arg>
<tag>Getter</tag>
<tag>PageContent</tag>
<tag>Setter</tag>
<doc>Executes given javascript on the selected element(s) or on page.</doc>
<status status="PASS" start="2025-07-17T09:40:54.781658" elapsed="0.012200"/>
</kw>
<kw name="Create Dictionary" owner="BuiltIn">
<msg time="2025-07-17T09:40:54.795092" level="INFO">${ns} = {'channel_name': 'Oblicza XX Wieku'}</msg>
<var>${ns}</var>
<arg>channel_name=${channel_name}</arg>
<doc>Creates and returns a dictionary based on the given ``items``.</doc>
<status status="PASS" start="2025-07-17T09:40:54.794184" elapsed="0.001351"/>
</kw>
<kw name="Evaluate" owner="BuiltIn">
<msg time="2025-07-17T09:40:54.796993" level="INFO">${channel_name} = Oblicza XX Wieku</msg>
<var>${channel_name}</var>
<arg>str(channel_name).strip()</arg>
<arg>namespace=${ns}</arg>
<doc>Evaluates the given expression in Python and returns the result.</doc>
<status status="PASS" start="2025-07-17T09:40:54.795803" elapsed="0.001412"/>
</kw>
<kw name="Run Keyword If" owner="BuiltIn">
<arg>'${channel_name}' == '${CHANNEL_TO_DELETE}'</arg>
<arg>Delete Single Movie</arg>
<arg>${video}</arg>
<doc>Runs the given keyword with the given arguments, if ``condition`` is true.</doc>
<status status="PASS" start="2025-07-17T09:40:54.797452" elapsed="0.000977"/>
</kw>
<kw name="Run Keyword If" owner="BuiltIn">
<arg>'${channel_name}' == '${CHANNEL_TO_DELETE}'</arg>
<arg>Set Variable</arg>
<arg>${deleted}</arg>
<arg>${True}</arg>
<doc>Runs the given keyword with the given arguments, if ``condition`` is true.</doc>
<status status="PASS" start="2025-07-17T09:40:54.798751" elapsed="0.000734"/>
</kw>
<kw name="Run Keyword If" owner="BuiltIn">
<arg>'${channel_name}' == '${CHANNEL_TO_DELETE}'</arg>
<arg>Exit For Loop</arg>
<doc>Runs the given keyword with the given arguments, if ``condition`` is true.</doc>
<status status="PASS" start="2025-07-17T09:40:54.799689" elapsed="0.000655"/>
</kw>
<var name="${video}">xpath=//ytd-playlist-video-renderer &gt;&gt; nth=14</var>
<status status="PASS" start="2025-07-17T09:40:54.781307" elapsed="0.019227"/>
</iter>
<iter>
<kw name="Evaluate JavaScript" owner="Browser">
<msg time="2025-07-17T09:40:54.813573" level="INFO">JavaScript executed successfully.</msg>
<msg time="2025-07-17T09:40:54.814170" level="INFO">${channel_name} = Kacper Pitala</msg>
<var>${channel_name}</var>
<arg>${video}</arg>
<arg>(el) =&gt; el.querySelector('div#byline-container a[href*="/@"]')?.textContent</arg>
<tag>Getter</tag>
<tag>PageContent</tag>
<tag>Setter</tag>
<doc>Executes given javascript on the selected element(s) or on page.</doc>
<status status="PASS" start="2025-07-17T09:40:54.801049" elapsed="0.013437"/>
</kw>
<kw name="Create Dictionary" owner="BuiltIn">
<msg time="2025-07-17T09:40:54.815827" level="INFO">${ns} = {'channel_name': 'Kacper Pitala'}</msg>
<var>${ns}</var>
<arg>channel_name=${channel_name}</arg>
<doc>Creates and returns a dictionary based on the given ``items``.</doc>
<status status="PASS" start="2025-07-17T09:40:54.814815" elapsed="0.001291"/>
</kw>
<kw name="Evaluate" owner="BuiltIn">
<msg time="2025-07-17T09:40:54.817845" level="INFO">${channel_name} = Kacper Pitala</msg>
<var>${channel_name}</var>
<arg>str(channel_name).strip()</arg>
<arg>namespace=${ns}</arg>
<doc>Evaluates the given expression in Python and returns the result.</doc>
<status status="PASS" start="2025-07-17T09:40:54.816419" elapsed="0.001678"/>
</kw>
<kw name="Run Keyword If" owner="BuiltIn">
<arg>'${channel_name}' == '${CHANNEL_TO_DELETE}'</arg>
<arg>Delete Single Movie</arg>
<arg>${video}</arg>
<doc>Runs the given keyword with the given arguments, if ``condition`` is true.</doc>
<status status="PASS" start="2025-07-17T09:40:54.818367" elapsed="0.001127"/>
</kw>
<kw name="Run Keyword If" owner="BuiltIn">
<arg>'${channel_name}' == '${CHANNEL_TO_DELETE}'</arg>
<arg>Set Variable</arg>
<arg>${deleted}</arg>
<arg>${True}</arg>
<doc>Runs the given keyword with the given arguments, if ``condition`` is true.</doc>
<status status="PASS" start="2025-07-17T09:40:54.819844" elapsed="0.000832"/>
</kw>
<kw name="Run Keyword If" owner="BuiltIn">
<arg>'${channel_name}' == '${CHANNEL_TO_DELETE}'</arg>
<arg>Exit For Loop</arg>
<doc>Runs the given keyword with the given arguments, if ``condition`` is true.</doc>
<status status="PASS" start="2025-07-17T09:40:54.820898" elapsed="0.000740"/>
</kw>
<var name="${video}">xpath=//ytd-playlist-video-renderer &gt;&gt; nth=15</var>
<status status="PASS" start="2025-07-17T09:40:54.800712" elapsed="0.021085"/>
</iter>
<iter>
<kw name="Evaluate JavaScript" owner="Browser">
<msg time="2025-07-17T09:40:54.835152" level="INFO">JavaScript executed successfully.</msg>
<msg time="2025-07-17T09:40:54.835726" level="INFO">${channel_name} = agis</msg>
<var>${channel_name}</var>
<arg>${video}</arg>
<arg>(el) =&gt; el.querySelector('div#byline-container a[href*="/@"]')?.textContent</arg>
<tag>Getter</tag>
<tag>PageContent</tag>
<tag>Setter</tag>
<doc>Executes given javascript on the selected element(s) or on page.</doc>
<status status="PASS" start="2025-07-17T09:40:54.822545" elapsed="0.013493"/>
</kw>
<kw name="Create Dictionary" owner="BuiltIn">
<msg time="2025-07-17T09:40:54.837344" level="INFO">${ns} = {'channel_name': 'agis'}</msg>
<var>${ns}</var>
<arg>channel_name=${channel_name}</arg>
<doc>Creates and returns a dictionary based on the given ``items``.</doc>
<status status="PASS" start="2025-07-17T09:40:54.836369" elapsed="0.001246"/>
</kw>
<kw name="Evaluate" owner="BuiltIn">
<msg time="2025-07-17T09:40:54.839245" level="INFO">${channel_name} = agis</msg>
<var>${channel_name}</var>
<arg>str(channel_name).strip()</arg>
<arg>namespace=${ns}</arg>
<doc>Evaluates the given expression in Python and returns the result.</doc>
<status status="PASS" start="2025-07-17T09:40:54.837873" elapsed="0.001624"/>
</kw>
<kw name="Run Keyword If" owner="BuiltIn">
<arg>'${channel_name}' == '${CHANNEL_TO_DELETE}'</arg>
<arg>Delete Single Movie</arg>
<arg>${video}</arg>
<doc>Runs the given keyword with the given arguments, if ``condition`` is true.</doc>
<status status="PASS" start="2025-07-17T09:40:54.839767" elapsed="0.001137"/>
</kw>
<kw name="Run Keyword If" owner="BuiltIn">
<arg>'${channel_name}' == '${CHANNEL_TO_DELETE}'</arg>
<arg>Set Variable</arg>
<arg>${deleted}</arg>
<arg>${True}</arg>
<doc>Runs the given keyword with the given arguments, if ``condition`` is true.</doc>
<status status="PASS" start="2025-07-17T09:40:54.841271" elapsed="0.001465"/>
</kw>
<kw name="Run Keyword If" owner="BuiltIn">
<arg>'${channel_name}' == '${CHANNEL_TO_DELETE}'</arg>
<arg>Exit For Loop</arg>
<doc>Runs the given keyword with the given arguments, if ``condition`` is true.</doc>
<status status="PASS" start="2025-07-17T09:40:54.843056" elapsed="0.000956"/>
</kw>
<var name="${video}">xpath=//ytd-playlist-video-renderer &gt;&gt; nth=16</var>
<status status="PASS" start="2025-07-17T09:40:54.822022" elapsed="0.022160"/>
</iter>
<iter>
<kw name="Evaluate JavaScript" owner="Browser">
<msg time="2025-07-17T09:40:54.858075" level="INFO">JavaScript executed successfully.</msg>
<msg time="2025-07-17T09:40:54.858648" level="INFO">${channel_name} = Tivolt</msg>
<var>${channel_name}</var>
<arg>${video}</arg>
<arg>(el) =&gt; el.querySelector('div#byline-container a[href*="/@"]')?.textContent</arg>
<tag>Getter</tag>
<tag>PageContent</tag>
<tag>Setter</tag>
<doc>Executes given javascript on the selected element(s) or on page.</doc>
<status status="PASS" start="2025-07-17T09:40:54.844833" elapsed="0.014139"/>
</kw>
<kw name="Create Dictionary" owner="BuiltIn">
<msg time="2025-07-17T09:40:54.860211" level="INFO">${ns} = {'channel_name': 'Tivolt'}</msg>
<var>${ns}</var>
<arg>channel_name=${channel_name}</arg>
<doc>Creates and returns a dictionary based on the given ``items``.</doc>
<status status="PASS" start="2025-07-17T09:40:54.859283" elapsed="0.001290"/>
</kw>
<kw name="Evaluate" owner="BuiltIn">
<msg time="2025-07-17T09:40:54.862350" level="INFO">${channel_name} = Tivolt</msg>
<var>${channel_name}</var>
<arg>str(channel_name).strip()</arg>
<arg>namespace=${ns}</arg>
<doc>Evaluates the given expression in Python and returns the result.</doc>
<status status="PASS" start="2025-07-17T09:40:54.860897" elapsed="0.001714"/>
</kw>
<kw name="Run Keyword If" owner="BuiltIn">
<arg>'${channel_name}' == '${CHANNEL_TO_DELETE}'</arg>
<arg>Delete Single Movie</arg>
<arg>${video}</arg>
<doc>Runs the given keyword with the given arguments, if ``condition`` is true.</doc>
<status status="PASS" start="2025-07-17T09:40:54.862885" elapsed="0.001106"/>
</kw>
<kw name="Run Keyword If" owner="BuiltIn">
<arg>'${channel_name}' == '${CHANNEL_TO_DELETE}'</arg>
<arg>Set Variable</arg>
<arg>${deleted}</arg>
<arg>${True}</arg>
<doc>Runs the given keyword with the given arguments, if ``condition`` is true.</doc>
<status status="PASS" start="2025-07-17T09:40:54.864318" elapsed="0.000786"/>
</kw>
<kw name="Run Keyword If" owner="BuiltIn">
<arg>'${channel_name}' == '${CHANNEL_TO_DELETE}'</arg>
<arg>Exit For Loop</arg>
<doc>Runs the given keyword with the given arguments, if ``condition`` is true.</doc>
<status status="PASS" start="2025-07-17T09:40:54.865321" elapsed="0.000705"/>
</kw>
<var name="${video}">xpath=//ytd-playlist-video-renderer &gt;&gt; nth=17</var>
<status status="PASS" start="2025-07-17T09:40:54.844416" elapsed="0.021765"/>
</iter>
<iter>
<kw name="Evaluate JavaScript" owner="Browser">
<msg time="2025-07-17T09:40:54.878004" level="INFO">JavaScript executed successfully.</msg>
<msg time="2025-07-17T09:40:54.878573" level="INFO">${channel_name} = Generator Frajdy - Streamy</msg>
<var>${channel_name}</var>
<arg>${video}</arg>
<arg>(el) =&gt; el.querySelector('div#byline-container a[href*="/@"]')?.textContent</arg>
<tag>Getter</tag>
<tag>PageContent</tag>
<tag>Setter</tag>
<doc>Executes given javascript on the selected element(s) or on page.</doc>
<status status="PASS" start="2025-07-17T09:40:54.866784" elapsed="0.012106"/>
</kw>
<kw name="Create Dictionary" owner="BuiltIn">
<msg time="2025-07-17T09:40:54.880296" level="INFO">${ns} = {'channel_name': 'Generator Frajdy - Streamy'}</msg>
<var>${ns}</var>
<arg>channel_name=${channel_name}</arg>
<doc>Creates and returns a dictionary based on the given ``items``.</doc>
<status status="PASS" start="2025-07-17T09:40:54.879346" elapsed="0.001225"/>
</kw>
<kw name="Evaluate" owner="BuiltIn">
<msg time="2025-07-17T09:40:54.882273" level="INFO">${channel_name} = Generator Frajdy - Streamy</msg>
<var>${channel_name}</var>
<arg>str(channel_name).strip()</arg>
<arg>namespace=${ns}</arg>
<doc>Evaluates the given expression in Python and returns the result.</doc>
<status status="PASS" start="2025-07-17T09:40:54.880830" elapsed="0.001768"/>
</kw>
<kw name="Run Keyword If" owner="BuiltIn">
<arg>'${channel_name}' == '${CHANNEL_TO_DELETE}'</arg>
<arg>Delete Single Movie</arg>
<arg>${video}</arg>
<doc>Runs the given keyword with the given arguments, if ``condition`` is true.</doc>
<status status="PASS" start="2025-07-17T09:40:54.882944" elapsed="0.001217"/>
</kw>
<kw name="Run Keyword If" owner="BuiltIn">
<arg>'${channel_name}' == '${CHANNEL_TO_DELETE}'</arg>
<arg>Set Variable</arg>
<arg>${deleted}</arg>
<arg>${True}</arg>
<doc>Runs the given keyword with the given arguments, if ``condition`` is true.</doc>
<status status="PASS" start="2025-07-17T09:40:54.884514" elapsed="0.000840"/>
</kw>
<kw name="Run Keyword If" owner="BuiltIn">
<arg>'${channel_name}' == '${CHANNEL_TO_DELETE}'</arg>
<arg>Exit For Loop</arg>
<doc>Runs the given keyword with the given arguments, if ``condition`` is true.</doc>
<status status="PASS" start="2025-07-17T09:40:54.885691" elapsed="0.001208"/>
</kw>
<var name="${video}">xpath=//ytd-playlist-video-renderer &gt;&gt; nth=18</var>
<status status="PASS" start="2025-07-17T09:40:54.866403" elapsed="0.020788"/>
</iter>
<iter>
<kw name="Evaluate JavaScript" owner="Browser">
<msg time="2025-07-17T09:40:54.899227" level="INFO">JavaScript executed successfully.</msg>
<msg time="2025-07-17T09:40:54.899782" level="INFO">${channel_name} = Footbreak</msg>
<var>${channel_name}</var>
<arg>${video}</arg>
<arg>(el) =&gt; el.querySelector('div#byline-container a[href*="/@"]')?.textContent</arg>
<tag>Getter</tag>
<tag>PageContent</tag>
<tag>Setter</tag>
<doc>Executes given javascript on the selected element(s) or on page.</doc>
<status status="PASS" start="2025-07-17T09:40:54.887858" elapsed="0.012221"/>
</kw>
<kw name="Create Dictionary" owner="BuiltIn">
<msg time="2025-07-17T09:40:54.901381" level="INFO">${ns} = {'channel_name': 'Footbreak'}</msg>
<var>${ns}</var>
<arg>channel_name=${channel_name}</arg>
<doc>Creates and returns a dictionary based on the given ``items``.</doc>
<status status="PASS" start="2025-07-17T09:40:54.900385" elapsed="0.001287"/>
</kw>
<kw name="Evaluate" owner="BuiltIn">
<msg time="2025-07-17T09:40:54.903295" level="INFO">${channel_name} = Footbreak</msg>
<var>${channel_name}</var>
<arg>str(channel_name).strip()</arg>
<arg>namespace=${ns}</arg>
<doc>Evaluates the given expression in Python and returns the result.</doc>
<status status="PASS" start="2025-07-17T09:40:54.901923" elapsed="0.001608"/>
</kw>
<kw name="Run Keyword If" owner="BuiltIn">
<arg>'${channel_name}' == '${CHANNEL_TO_DELETE}'</arg>
<arg>Delete Single Movie</arg>
<arg>${video}</arg>
<doc>Runs the given keyword with the given arguments, if ``condition`` is true.</doc>
<status status="PASS" start="2025-07-17T09:40:54.903787" elapsed="0.001038"/>
</kw>
<kw name="Run Keyword If" owner="BuiltIn">
<arg>'${channel_name}' == '${CHANNEL_TO_DELETE}'</arg>
<arg>Set Variable</arg>
<arg>${deleted}</arg>
<arg>${True}</arg>
<doc>Runs the given keyword with the given arguments, if ``condition`` is true.</doc>
<status status="PASS" start="2025-07-17T09:40:54.905185" elapsed="0.000804"/>
</kw>
<kw name="Run Keyword If" owner="BuiltIn">
<arg>'${channel_name}' == '${CHANNEL_TO_DELETE}'</arg>
<arg>Exit For Loop</arg>
<doc>Runs the given keyword with the given arguments, if ``condition`` is true.</doc>
<status status="PASS" start="2025-07-17T09:40:54.906204" elapsed="0.000688"/>
</kw>
<var name="${video}">xpath=//ytd-playlist-video-renderer &gt;&gt; nth=19</var>
<status status="PASS" start="2025-07-17T09:40:54.887422" elapsed="0.019596"/>
</iter>
<iter>
<kw name="Evaluate JavaScript" owner="Browser">
<msg time="2025-07-17T09:40:54.919580" level="INFO">JavaScript executed successfully.</msg>
<msg time="2025-07-17T09:40:54.920048" level="INFO">${channel_name} = BezPlanu</msg>
<var>${channel_name}</var>
<arg>${video}</arg>
<arg>(el) =&gt; el.querySelector('div#byline-container a[href*="/@"]')?.textContent</arg>
<tag>Getter</tag>
<tag>PageContent</tag>
<tag>Setter</tag>
<doc>Executes given javascript on the selected element(s) or on page.</doc>
<status status="PASS" start="2025-07-17T09:40:54.907558" elapsed="0.012719"/>
</kw>
<kw name="Create Dictionary" owner="BuiltIn">
<msg time="2025-07-17T09:40:54.921453" level="INFO">${ns} = {'channel_name': 'BezPlanu'}</msg>
<var>${ns}</var>
<arg>channel_name=${channel_name}</arg>
<doc>Creates and returns a dictionary based on the given ``items``.</doc>
<status status="PASS" start="2025-07-17T09:40:54.920570" elapsed="0.001156"/>
</kw>
<kw name="Evaluate" owner="BuiltIn">
<msg time="2025-07-17T09:40:54.923486" level="INFO">${channel_name} = BezPlanu</msg>
<var>${channel_name}</var>
<arg>str(channel_name).strip()</arg>
<arg>namespace=${ns}</arg>
<doc>Evaluates the given expression in Python and returns the result.</doc>
<status status="PASS" start="2025-07-17T09:40:54.922067" elapsed="0.001646"/>
</kw>
<kw name="Run Keyword If" owner="BuiltIn">
<arg>'${channel_name}' == '${CHANNEL_TO_DELETE}'</arg>
<arg>Delete Single Movie</arg>
<arg>${video}</arg>
<doc>Runs the given keyword with the given arguments, if ``condition`` is true.</doc>
<status status="PASS" start="2025-07-17T09:40:54.923976" elapsed="0.001447"/>
</kw>
<kw name="Run Keyword If" owner="BuiltIn">
<arg>'${channel_name}' == '${CHANNEL_TO_DELETE}'</arg>
<arg>Set Variable</arg>
<arg>${deleted}</arg>
<arg>${True}</arg>
<doc>Runs the given keyword with the given arguments, if ``condition`` is true.</doc>
<status status="PASS" start="2025-07-17T09:40:54.926121" elapsed="0.000901"/>
</kw>
<kw name="Run Keyword If" owner="BuiltIn">
<arg>'${channel_name}' == '${CHANNEL_TO_DELETE}'</arg>
<arg>Exit For Loop</arg>
<doc>Runs the given keyword with the given arguments, if ``condition`` is true.</doc>
<status status="PASS" start="2025-07-17T09:40:54.927262" elapsed="0.000659"/>
</kw>
<var name="${video}">xpath=//ytd-playlist-video-renderer &gt;&gt; nth=20</var>
<status status="PASS" start="2025-07-17T09:40:54.907199" elapsed="0.020846"/>
</iter>
<iter>
<kw name="Evaluate JavaScript" owner="Browser">
<msg time="2025-07-17T09:40:54.947364" level="INFO">JavaScript executed successfully.</msg>
<msg time="2025-07-17T09:40:54.947894" level="INFO">${channel_name} = To Znowu Oni</msg>
<var>${channel_name}</var>
<arg>${video}</arg>
<arg>(el) =&gt; el.querySelector('div#byline-container a[href*="/@"]')?.textContent</arg>
<tag>Getter</tag>
<tag>PageContent</tag>
<tag>Setter</tag>
<doc>Executes given javascript on the selected element(s) or on page.</doc>
<status status="PASS" start="2025-07-17T09:40:54.928559" elapsed="0.019622"/>
</kw>
<kw name="Create Dictionary" owner="BuiltIn">
<msg time="2025-07-17T09:40:54.949463" level="INFO">${ns} = {'channel_name': 'To Znowu Oni'}</msg>
<var>${ns}</var>
<arg>channel_name=${channel_name}</arg>
<doc>Creates and returns a dictionary based on the given ``items``.</doc>
<status status="PASS" start="2025-07-17T09:40:54.948482" elapsed="0.001309"/>
</kw>
<kw name="Evaluate" owner="BuiltIn">
<msg time="2025-07-17T09:40:54.951327" level="INFO">${channel_name} = To Znowu Oni</msg>
<var>${channel_name}</var>
<arg>str(channel_name).strip()</arg>
<arg>namespace=${ns}</arg>
<doc>Evaluates the given expression in Python and returns the result.</doc>
<status status="PASS" start="2025-07-17T09:40:54.950031" elapsed="0.001632"/>
</kw>
<kw name="Run Keyword If" owner="BuiltIn">
<arg>'${channel_name}' == '${CHANNEL_TO_DELETE}'</arg>
<arg>Delete Single Movie</arg>
<arg>${video}</arg>
<doc>Runs the given keyword with the given arguments, if ``condition`` is true.</doc>
<status status="PASS" start="2025-07-17T09:40:54.951915" elapsed="0.001047"/>
</kw>
<kw name="Run Keyword If" owner="BuiltIn">
<arg>'${channel_name}' == '${CHANNEL_TO_DELETE}'</arg>
<arg>Set Variable</arg>
<arg>${deleted}</arg>
<arg>${True}</arg>
<doc>Runs the given keyword with the given arguments, if ``condition`` is true.</doc>
<status status="PASS" start="2025-07-17T09:40:54.953231" elapsed="0.000769"/>
</kw>
<kw name="Run Keyword If" owner="BuiltIn">
<arg>'${channel_name}' == '${CHANNEL_TO_DELETE}'</arg>
<arg>Exit For Loop</arg>
<doc>Runs the given keyword with the given arguments, if ``condition`` is true.</doc>
<status status="PASS" start="2025-07-17T09:40:54.954236" elapsed="0.000662"/>
</kw>
<var name="${video}">xpath=//ytd-playlist-video-renderer &gt;&gt; nth=21</var>
<status status="PASS" start="2025-07-17T09:40:54.928219" elapsed="0.026821"/>
</iter>
<iter>
<kw name="Evaluate JavaScript" owner="Browser">
<msg time="2025-07-17T09:40:54.967417" level="INFO">JavaScript executed successfully.</msg>
<msg time="2025-07-17T09:40:54.967946" level="INFO">${channel_name} = CD-Action</msg>
<var>${channel_name}</var>
<arg>${video}</arg>
<arg>(el) =&gt; el.querySelector('div#byline-container a[href*="/@"]')?.textContent</arg>
<tag>Getter</tag>
<tag>PageContent</tag>
<tag>Setter</tag>
<doc>Executes given javascript on the selected element(s) or on page.</doc>
<status status="PASS" start="2025-07-17T09:40:54.955598" elapsed="0.012665"/>
</kw>
<kw name="Create Dictionary" owner="BuiltIn">
<msg time="2025-07-17T09:40:54.969539" level="INFO">${ns} = {'channel_name': 'CD-Action'}</msg>
<var>${ns}</var>
<arg>channel_name=${channel_name}</arg>
<doc>Creates and returns a dictionary based on the given ``items``.</doc>
<status status="PASS" start="2025-07-17T09:40:54.968567" elapsed="0.001304"/>
</kw>
<kw name="Evaluate" owner="BuiltIn">
<msg time="2025-07-17T09:40:54.971434" level="INFO">${channel_name} = CD-Action</msg>
<var>${channel_name}</var>
<arg>str(channel_name).strip()</arg>
<arg>namespace=${ns}</arg>
<doc>Evaluates the given expression in Python and returns the result.</doc>
<status status="PASS" start="2025-07-17T09:40:54.970116" elapsed="0.001549"/>
</kw>
<kw name="Run Keyword If" owner="BuiltIn">
<arg>'${channel_name}' == '${CHANNEL_TO_DELETE}'</arg>
<arg>Delete Single Movie</arg>
<arg>${video}</arg>
<doc>Runs the given keyword with the given arguments, if ``condition`` is true.</doc>
<status status="PASS" start="2025-07-17T09:40:54.971912" elapsed="0.001024"/>
</kw>
<kw name="Run Keyword If" owner="BuiltIn">
<arg>'${channel_name}' == '${CHANNEL_TO_DELETE}'</arg>
<arg>Set Variable</arg>
<arg>${deleted}</arg>
<arg>${True}</arg>
<doc>Runs the given keyword with the given arguments, if ``condition`` is true.</doc>
<status status="PASS" start="2025-07-17T09:40:54.973256" elapsed="0.000744"/>
</kw>
<kw name="Run Keyword If" owner="BuiltIn">
<arg>'${channel_name}' == '${CHANNEL_TO_DELETE}'</arg>
<arg>Exit For Loop</arg>
<doc>Runs the given keyword with the given arguments, if ``condition`` is true.</doc>
<status status="PASS" start="2025-07-17T09:40:54.974209" elapsed="0.001275"/>
</kw>
<var name="${video}">xpath=//ytd-playlist-video-renderer &gt;&gt; nth=22</var>
<status status="PASS" start="2025-07-17T09:40:54.955248" elapsed="0.020423"/>
</iter>
<iter>
<kw name="Evaluate JavaScript" owner="Browser">
<msg time="2025-07-17T09:40:54.988266" level="INFO">JavaScript executed successfully.</msg>
<msg time="2025-07-17T09:40:54.988829" level="INFO">${channel_name} = Oblicza XX Wieku</msg>
<var>${channel_name}</var>
<arg>${video}</arg>
<arg>(el) =&gt; el.querySelector('div#byline-container a[href*="/@"]')?.textContent</arg>
<tag>Getter</tag>
<tag>PageContent</tag>
<tag>Setter</tag>
<doc>Executes given javascript on the selected element(s) or on page.</doc>
<status status="PASS" start="2025-07-17T09:40:54.976264" elapsed="0.012848"/>
</kw>
<kw name="Create Dictionary" owner="BuiltIn">
<msg time="2025-07-17T09:40:54.990388" level="INFO">${ns} = {'channel_name': 'Oblicza XX Wieku'}</msg>
<var>${ns}</var>
<arg>channel_name=${channel_name}</arg>
<doc>Creates and returns a dictionary based on the given ``items``.</doc>
<status status="PASS" start="2025-07-17T09:40:54.989412" elapsed="0.001525"/>
</kw>
<kw name="Evaluate" owner="BuiltIn">
<msg time="2025-07-17T09:40:54.993040" level="INFO">${channel_name} = Oblicza XX Wieku</msg>
<var>${channel_name}</var>
<arg>str(channel_name).strip()</arg>
<arg>namespace=${ns}</arg>
<doc>Evaluates the given expression in Python and returns the result.</doc>
<status status="PASS" start="2025-07-17T09:40:54.991480" elapsed="0.001901"/>
</kw>
<kw name="Run Keyword If" owner="BuiltIn">
<arg>'${channel_name}' == '${CHANNEL_TO_DELETE}'</arg>
<arg>Delete Single Movie</arg>
<arg>${video}</arg>
<doc>Runs the given keyword with the given arguments, if ``condition`` is true.</doc>
<status status="PASS" start="2025-07-17T09:40:54.993645" elapsed="0.001048"/>
</kw>
<kw name="Run Keyword If" owner="BuiltIn">
<arg>'${channel_name}' == '${CHANNEL_TO_DELETE}'</arg>
<arg>Set Variable</arg>
<arg>${deleted}</arg>
<arg>${True}</arg>
<doc>Runs the given keyword with the given arguments, if ``condition`` is true.</doc>
<status status="PASS" start="2025-07-17T09:40:54.994988" elapsed="0.000768"/>
</kw>
<kw name="Run Keyword If" owner="BuiltIn">
<arg>'${channel_name}' == '${CHANNEL_TO_DELETE}'</arg>
<arg>Exit For Loop</arg>
<doc>Runs the given keyword with the given arguments, if ``condition`` is true.</doc>
<status status="PASS" start="2025-07-17T09:40:54.995968" elapsed="0.000667"/>
</kw>
<var name="${video}">xpath=//ytd-playlist-video-renderer &gt;&gt; nth=23</var>
<status status="PASS" start="2025-07-17T09:40:54.975860" elapsed="0.020918"/>
</iter>
<iter>
<kw name="Evaluate JavaScript" owner="Browser">
<msg time="2025-07-17T09:40:55.010348" level="INFO">JavaScript executed successfully.</msg>
<msg time="2025-07-17T09:40:55.010915" level="INFO">${channel_name} = Tomasz Czukiewski</msg>
<var>${channel_name}</var>
<arg>${video}</arg>
<arg>(el) =&gt; el.querySelector('div#byline-container a[href*="/@"]')?.textContent</arg>
<tag>Getter</tag>
<tag>PageContent</tag>
<tag>Setter</tag>
<doc>Executes given javascript on the selected element(s) or on page.</doc>
<status status="PASS" start="2025-07-17T09:40:54.997341" elapsed="0.013878"/>
</kw>
<kw name="Create Dictionary" owner="BuiltIn">
<msg time="2025-07-17T09:40:55.012524" level="INFO">${ns} = {'channel_name': 'Tomasz Czukiewski'}</msg>
<var>${ns}</var>
<arg>channel_name=${channel_name}</arg>
<doc>Creates and returns a dictionary based on the given ``items``.</doc>
<status status="PASS" start="2025-07-17T09:40:55.011536" elapsed="0.001349"/>
</kw>
<kw name="Evaluate" owner="BuiltIn">
<msg time="2025-07-17T09:40:55.014582" level="INFO">${channel_name} = Tomasz Czukiewski</msg>
<var>${channel_name}</var>
<arg>str(channel_name).strip()</arg>
<arg>namespace=${ns}</arg>
<doc>Evaluates the given expression in Python and returns the result.</doc>
<status status="PASS" start="2025-07-17T09:40:55.013140" elapsed="0.001690"/>
</kw>
<kw name="Run Keyword If" owner="BuiltIn">
<arg>'${channel_name}' == '${CHANNEL_TO_DELETE}'</arg>
<arg>Delete Single Movie</arg>
<arg>${video}</arg>
<doc>Runs the given keyword with the given arguments, if ``condition`` is true.</doc>
<status status="PASS" start="2025-07-17T09:40:55.015097" elapsed="0.001060"/>
</kw>
<kw name="Run Keyword If" owner="BuiltIn">
<arg>'${channel_name}' == '${CHANNEL_TO_DELETE}'</arg>
<arg>Set Variable</arg>
<arg>${deleted}</arg>
<arg>${True}</arg>
<doc>Runs the given keyword with the given arguments, if ``condition`` is true.</doc>
<status status="PASS" start="2025-07-17T09:40:55.016466" elapsed="0.001030"/>
</kw>
<kw name="Run Keyword If" owner="BuiltIn">
<arg>'${channel_name}' == '${CHANNEL_TO_DELETE}'</arg>
<arg>Exit For Loop</arg>
<doc>Runs the given keyword with the given arguments, if ``condition`` is true.</doc>
<status status="PASS" start="2025-07-17T09:40:55.017889" elapsed="0.001400"/>
</kw>
<var name="${video}">xpath=//ytd-playlist-video-renderer &gt;&gt; nth=24</var>
<status status="PASS" start="2025-07-17T09:40:54.996990" elapsed="0.022531"/>
</iter>
<iter>
<kw name="Evaluate JavaScript" owner="Browser">
<msg time="2025-07-17T09:40:55.039302" level="INFO">JavaScript executed successfully.</msg>
<msg time="2025-07-17T09:40:55.039881" level="INFO">${channel_name} = Uwaga! Naukowy Bełkot</msg>
<var>${channel_name}</var>
<arg>${video}</arg>
<arg>(el) =&gt; el.querySelector('div#byline-container a[href*="/@"]')?.textContent</arg>
<tag>Getter</tag>
<tag>PageContent</tag>
<tag>Setter</tag>
<doc>Executes given javascript on the selected element(s) or on page.</doc>
<status status="PASS" start="2025-07-17T09:40:55.020596" elapsed="0.019600"/>
</kw>
<kw name="Create Dictionary" owner="BuiltIn">
<msg time="2025-07-17T09:40:55.041765" level="INFO">${ns} = {'channel_name': 'Uwaga! Naukowy Bełkot'}</msg>
<var>${ns}</var>
<arg>channel_name=${channel_name}</arg>
<doc>Creates and returns a dictionary based on the given ``items``.</doc>
<status status="PASS" start="2025-07-17T09:40:55.040521" elapsed="0.001590"/>
</kw>
<kw name="Evaluate" owner="BuiltIn">
<msg time="2025-07-17T09:40:55.044056" level="INFO">${channel_name} = Uwaga! Naukowy Bełkot</msg>
<var>${channel_name}</var>
<arg>str(channel_name).strip()</arg>
<arg>namespace=${ns}</arg>
<doc>Evaluates the given expression in Python and returns the result.</doc>
<status status="PASS" start="2025-07-17T09:40:55.042411" elapsed="0.002007"/>
</kw>
<kw name="Run Keyword If" owner="BuiltIn">
<arg>'${channel_name}' == '${CHANNEL_TO_DELETE}'</arg>
<arg>Delete Single Movie</arg>
<arg>${video}</arg>
<doc>Runs the given keyword with the given arguments, if ``condition`` is true.</doc>
<status status="PASS" start="2025-07-17T09:40:55.044696" elapsed="0.001117"/>
</kw>
<kw name="Run Keyword If" owner="BuiltIn">
<arg>'${channel_name}' == '${CHANNEL_TO_DELETE}'</arg>
<arg>Set Variable</arg>
<arg>${deleted}</arg>
<arg>${True}</arg>
<doc>Runs the given keyword with the given arguments, if ``condition`` is true.</doc>
<status status="PASS" start="2025-07-17T09:40:55.046173" elapsed="0.000865"/>
</kw>
<kw name="Run Keyword If" owner="BuiltIn">
<arg>'${channel_name}' == '${CHANNEL_TO_DELETE}'</arg>
<arg>Exit For Loop</arg>
<doc>Runs the given keyword with the given arguments, if ``condition`` is true.</doc>
<status status="PASS" start="2025-07-17T09:40:55.047269" elapsed="0.000767"/>
</kw>
<var name="${video}">xpath=//ytd-playlist-video-renderer &gt;&gt; nth=25</var>
<status status="PASS" start="2025-07-17T09:40:55.019978" elapsed="0.028370"/>
</iter>
<iter>
<kw name="Evaluate JavaScript" owner="Browser">
<msg time="2025-07-17T09:40:55.064790" level="INFO">JavaScript executed successfully.</msg>
<msg time="2025-07-17T09:40:55.065378" level="INFO">${channel_name} = Meczyki</msg>
<var>${channel_name}</var>
<arg>${video}</arg>
<arg>(el) =&gt; el.querySelector('div#byline-container a[href*="/@"]')?.textContent</arg>
<tag>Getter</tag>
<tag>PageContent</tag>
<tag>Setter</tag>
<doc>Executes given javascript on the selected element(s) or on page.</doc>
<status status="PASS" start="2025-07-17T09:40:55.049339" elapsed="0.016431"/>
</kw>
<kw name="Create Dictionary" owner="BuiltIn">
<msg time="2025-07-17T09:40:55.067143" level="INFO">${ns} = {'channel_name': 'Meczyki'}</msg>
<var>${ns}</var>
<arg>channel_name=${channel_name}</arg>
<doc>Creates and returns a dictionary based on the given ``items``.</doc>
<status status="PASS" start="2025-07-17T09:40:55.066107" elapsed="0.001339"/>
</kw>
<kw name="Evaluate" owner="BuiltIn">
<msg time="2025-07-17T09:40:55.069169" level="INFO">${channel_name} = Meczyki</msg>
<var>${channel_name}</var>
<arg>str(channel_name).strip()</arg>
<arg>namespace=${ns}</arg>
<doc>Evaluates the given expression in Python and returns the result.</doc>
<status status="PASS" start="2025-07-17T09:40:55.067715" elapsed="0.001796"/>
</kw>
<kw name="Run Keyword If" owner="BuiltIn">
<arg>'${channel_name}' == '${CHANNEL_TO_DELETE}'</arg>
<arg>Delete Single Movie</arg>
<arg>${video}</arg>
<doc>Runs the given keyword with the given arguments, if ``condition`` is true.</doc>
<status status="PASS" start="2025-07-17T09:40:55.069789" elapsed="0.001072"/>
</kw>
<kw name="Run Keyword If" owner="BuiltIn">
<arg>'${channel_name}' == '${CHANNEL_TO_DELETE}'</arg>
<arg>Set Variable</arg>
<arg>${deleted}</arg>
<arg>${True}</arg>
<doc>Runs the given keyword with the given arguments, if ``condition`` is true.</doc>
<status status="PASS" start="2025-07-17T09:40:55.071181" elapsed="0.000883"/>
</kw>
<kw name="Run Keyword If" owner="BuiltIn">
<arg>'${channel_name}' == '${CHANNEL_TO_DELETE}'</arg>
<arg>Exit For Loop</arg>
<doc>Runs the given keyword with the given arguments, if ``condition`` is true.</doc>
<status status="PASS" start="2025-07-17T09:40:55.072328" elapsed="0.000825"/>
</kw>
<var name="${video}">xpath=//ytd-playlist-video-renderer &gt;&gt; nth=26</var>
<status status="PASS" start="2025-07-17T09:40:55.048762" elapsed="0.024554"/>
</iter>
<iter>
<kw name="Evaluate JavaScript" owner="Browser">
<msg time="2025-07-17T09:40:55.085932" level="INFO">JavaScript executed successfully.</msg>
<msg time="2025-07-17T09:40:55.089215" level="INFO">${channel_name} = Dama Kier</msg>
<var>${channel_name}</var>
<arg>${video}</arg>
<arg>(el) =&gt; el.querySelector('div#byline-container a[href*="/@"]')?.textContent</arg>
<tag>Getter</tag>
<tag>PageContent</tag>
<tag>Setter</tag>
<doc>Executes given javascript on the selected element(s) or on page.</doc>
<status status="PASS" start="2025-07-17T09:40:55.073963" elapsed="0.015564"/>
</kw>
<kw name="Create Dictionary" owner="BuiltIn">
<msg time="2025-07-17T09:40:55.090891" level="INFO">${ns} = {'channel_name': 'Dama Kier'}</msg>
<var>${ns}</var>
<arg>channel_name=${channel_name}</arg>
<doc>Creates and returns a dictionary based on the given ``items``.</doc>
<status status="PASS" start="2025-07-17T09:40:55.089830" elapsed="0.001481"/>
</kw>
<kw name="Evaluate" owner="BuiltIn">
<msg time="2025-07-17T09:40:55.093682" level="INFO">${channel_name} = Dama Kier</msg>
<var>${channel_name}</var>
<arg>str(channel_name).strip()</arg>
<arg>namespace=${ns}</arg>
<doc>Evaluates the given expression in Python and returns the result.</doc>
<status status="PASS" start="2025-07-17T09:40:55.091728" elapsed="0.002324"/>
</kw>
<kw name="Run Keyword If" owner="BuiltIn">
<arg>'${channel_name}' == '${CHANNEL_TO_DELETE}'</arg>
<arg>Delete Single Movie</arg>
<arg>${video}</arg>
<doc>Runs the given keyword with the given arguments, if ``condition`` is true.</doc>
<status status="PASS" start="2025-07-17T09:40:55.094348" elapsed="0.001070"/>
</kw>
<kw name="Run Keyword If" owner="BuiltIn">
<arg>'${channel_name}' == '${CHANNEL_TO_DELETE}'</arg>
<arg>Set Variable</arg>
<arg>${deleted}</arg>
<arg>${True}</arg>
<doc>Runs the given keyword with the given arguments, if ``condition`` is true.</doc>
<status status="PASS" start="2025-07-17T09:40:55.095722" elapsed="0.000844"/>
</kw>
<kw name="Run Keyword If" owner="BuiltIn">
[...]
<msg time="2025-07-17T09:40:55.242303" level="INFO">${ns} = {'channel_name': 'Uwaga! Naukowy Bełkot'}</msg>
<var>${ns}</var>
<arg>channel_name=${channel_name}</arg>
<doc>Creates and returns a dictionary based on the given ``items``.</doc>
<status status="PASS" start="2025-07-17T09:40:55.240908" elapsed="0.001790"/>
</kw>
<kw name="Evaluate" owner="BuiltIn">
<msg time="2025-07-17T09:40:55.245645" level="INFO">${channel_name} = Uwaga! Naukowy Bełkot</msg>
<var>${channel_name}</var>
<arg>str(channel_name).strip()</arg>
<arg>namespace=${ns}</arg>
<doc>Evaluates the given expression in Python and returns the result.</doc>
<status status="PASS" start="2025-07-17T09:40:55.243053" elapsed="0.002843"/>
</kw>
<kw name="Run Keyword If" owner="BuiltIn">
<arg>'${channel_name}' == '${CHANNEL_TO_DELETE}'</arg>
<arg>Delete Single Movie</arg>
<arg>${video}</arg>
<doc>Runs the given keyword with the given arguments, if ``condition`` is true.</doc>
<status status="PASS" start="2025-07-17T09:40:55.246156" elapsed="0.001046"/>
</kw>
<kw name="Run Keyword If" owner="BuiltIn">
<arg>'${channel_name}' == '${CHANNEL_TO_DELETE}'</arg>
<arg>Set Variable</arg>
<arg>${deleted}</arg>
<arg>${True}</arg>
<doc>Runs the given keyword with the given arguments, if ``condition`` is true.</doc>
<status status="PASS" start="2025-07-17T09:40:55.247637" elapsed="0.000807"/>
</kw>
<kw name="Run Keyword If" owner="BuiltIn">
<arg>'${channel_name}' == '${CHANNEL_TO_DELETE}'</arg>
<arg>Exit For Loop</arg>
<doc>Runs the given keyword with the given arguments, if ``condition`` is true.</doc>
<status status="PASS" start="2025-07-17T09:40:55.248698" elapsed="0.000784"/>
</kw>
<var name="${video}">xpath=//ytd-playlist-video-renderer &gt;&gt; nth=34</var>
<status status="PASS" start="2025-07-17T09:40:55.226146" elapsed="0.023472"/>
</iter>
<iter>
<kw name="Evaluate JavaScript" owner="Browser">
<msg time="2025-07-17T09:40:55.262555" level="INFO">JavaScript executed successfully.</msg>
<msg time="2025-07-17T09:40:55.263102" level="INFO">${channel_name} = Powojnie</msg>
<var>${channel_name}</var>
<arg>${video}</arg>
<arg>(el) =&gt; el.querySelector('div#byline-container a[href*="/@"]')?.textContent</arg>
<tag>Getter</tag>
<tag>PageContent</tag>
<tag>Setter</tag>
<doc>Executes given javascript on the selected element(s) or on page.</doc>
<status status="PASS" start="2025-07-17T09:40:55.250184" elapsed="0.013211"/>
</kw>
<kw name="Create Dictionary" owner="BuiltIn">
<msg time="2025-07-17T09:40:55.264679" level="INFO">${ns} = {'channel_name': 'Powojnie'}</msg>
<var>${ns}</var>
<arg>channel_name=${channel_name}</arg>
<doc>Creates and returns a dictionary based on the given ``items``.</doc>
<status status="PASS" start="2025-07-17T09:40:55.263706" elapsed="0.001423"/>
</kw>
<kw name="Evaluate" owner="BuiltIn">
<msg time="2025-07-17T09:40:55.266607" level="INFO">${channel_name} = Powojnie</msg>
<var>${channel_name}</var>
<arg>str(channel_name).strip()</arg>
<arg>namespace=${ns}</arg>
<doc>Evaluates the given expression in Python and returns the result.</doc>
<status status="PASS" start="2025-07-17T09:40:55.265398" elapsed="0.001520"/>
</kw>
<kw name="Run Keyword If" owner="BuiltIn">
<arg>'${channel_name}' == '${CHANNEL_TO_DELETE}'</arg>
<arg>Delete Single Movie</arg>
<arg>${video}</arg>
<doc>Runs the given keyword with the given arguments, if ``condition`` is true.</doc>
<status status="PASS" start="2025-07-17T09:40:55.267161" elapsed="0.000969"/>
</kw>
<kw name="Run Keyword If" owner="BuiltIn">
<arg>'${channel_name}' == '${CHANNEL_TO_DELETE}'</arg>
<arg>Set Variable</arg>
<arg>${deleted}</arg>
<arg>${True}</arg>
<doc>Runs the given keyword with the given arguments, if ``condition`` is true.</doc>
<status status="PASS" start="2025-07-17T09:40:55.268437" elapsed="0.000796"/>
</kw>
<kw name="Run Keyword If" owner="BuiltIn">
<arg>'${channel_name}' == '${CHANNEL_TO_DELETE}'</arg>
<arg>Exit For Loop</arg>
<doc>Runs the given keyword with the given arguments, if ``condition`` is true.</doc>
<status status="PASS" start="2025-07-17T09:40:55.269451" elapsed="0.000714"/>
</kw>
<var name="${video}">xpath=//ytd-playlist-video-renderer &gt;&gt; nth=35</var>
<status status="PASS" start="2025-07-17T09:40:55.249815" elapsed="0.020481"/>
</iter>
<iter>
<kw name="Evaluate JavaScript" owner="Browser">
<msg time="2025-07-17T09:40:55.283167" level="INFO">JavaScript executed successfully.</msg>
<msg time="2025-07-17T09:40:55.283704" level="INFO">${channel_name} = IGN</msg>
<var>${channel_name}</var>
<arg>${video}</arg>
<arg>(el) =&gt; el.querySelector('div#byline-container a[href*="/@"]')?.textContent</arg>
<tag>Getter</tag>
<tag>PageContent</tag>
<tag>Setter</tag>
<doc>Executes given javascript on the selected element(s) or on page.</doc>
<status status="PASS" start="2025-07-17T09:40:55.270836" elapsed="0.013154"/>
</kw>
<kw name="Create Dictionary" owner="BuiltIn">
<msg time="2025-07-17T09:40:55.285290" level="INFO">${ns} = {'channel_name': 'IGN'}</msg>
<var>${ns}</var>
<arg>channel_name=${channel_name}</arg>
<doc>Creates and returns a dictionary based on the given ``items``.</doc>
<status status="PASS" start="2025-07-17T09:40:55.284292" elapsed="0.001331"/>
</kw>
<kw name="Evaluate" owner="BuiltIn">
<msg time="2025-07-17T09:40:55.287083" level="INFO">${channel_name} = IGN</msg>
<var>${channel_name}</var>
<arg>str(channel_name).strip()</arg>
<arg>namespace=${ns}</arg>
<doc>Evaluates the given expression in Python and returns the result.</doc>
<status status="PASS" start="2025-07-17T09:40:55.285866" elapsed="0.001439"/>
</kw>
<kw name="Run Keyword If" owner="BuiltIn">
<kw name="Delete Single Movie" owner="keywords">
<kw name="Evaluate JavaScript" owner="Browser">
<msg time="2025-07-17T09:40:55.315380" level="INFO">JavaScript executed successfully.</msg>
<arg>${video}</arg>
<arg>(el) =&gt; el.scrollIntoView({behavior: "smooth", block: "center"})</arg>
<tag>Getter</tag>
<tag>PageContent</tag>
<tag>Setter</tag>
<doc>Executes given javascript on the selected element(s) or on page.</doc>
<status status="PASS" start="2025-07-17T09:40:55.289441" elapsed="0.026521"/>
</kw>
<kw name="Sleep" owner="BuiltIn">
<msg time="2025-07-17T09:40:56.317914" level="INFO">Slept 1 second.</msg>
<arg>1s</arg>
<doc>Pauses the test executed for the given time.</doc>
<status status="PASS" start="2025-07-17T09:40:55.316242" elapsed="1.002677"/>
</kw>
<kw name="Evaluate JavaScript" owner="Browser">
<msg time="2025-07-17T09:40:56.414180" level="INFO">JavaScript executed successfully.</msg>
<arg>${video}</arg>
<arg>(el) =&gt; el.querySelector('div#menu button#button')?.click()</arg>
<tag>Getter</tag>
<tag>PageContent</tag>
<tag>Setter</tag>
<doc>Executes given javascript on the selected element(s) or on page.</doc>
<status status="PASS" start="2025-07-17T09:40:56.319708" elapsed="0.094973"/>
</kw>
<kw name="Sleep" owner="BuiltIn">
<msg time="2025-07-17T09:40:57.416842" level="INFO">Slept 1 second.</msg>
<arg>1s</arg>
<doc>Pauses the test executed for the given time.</doc>
<status status="PASS" start="2025-07-17T09:40:56.414974" elapsed="1.002907"/>
</kw>
<kw name="Get Elements" owner="Browser">
<msg time="2025-07-17T09:40:57.444782" level="INFO">Found locator('//ytd-menu-service-item-renderer').first(),locator('//ytd-menu-service-item-renderer').nth(1),locator('//ytd-menu-service-item-renderer').nth(2),locator('//ytd-menu-service-item-renderer').nth(3),locator('//ytd-menu-service-item-renderer').nth(4),locator('//ytd-menu-service-item-renderer').nth(5) Locators successfully.</msg>
<msg time="2025-07-17T09:40:57.446277" level="INFO">${all_items} = ['//ytd-menu-service-item-renderer &gt;&gt; nth=0', '//ytd-menu-service-item-renderer &gt;&gt; nth=1', '//ytd-menu-service-item-renderer &gt;&gt; nth=2', '//ytd-menu-service-item-renderer &gt;&gt; nth=3', '//ytd-menu-service...</msg>
<var>${all_items}</var>
<arg>//ytd-menu-service-item-renderer</arg>
<tag>Getter</tag>
<tag>PageContent</tag>
<doc>Returns a reference to Playwright [https://playwright.dev/docs/api/class-locator|Locator]
for all matched elements by ``selector``.</doc>
<status status="PASS" start="2025-07-17T09:40:57.418753" elapsed="0.028270"/>
</kw>
<for flavor="IN">
<iter>
<kw name="Get Text" owner="Browser">
<msg time="2025-07-17T09:40:57.517520" level="INFO">Text: 'Dodaj do kolejki'</msg>
<msg time="2025-07-17T09:40:57.518887" level="INFO">${txt} = Dodaj do kolejki</msg>
<var>${txt}</var>
<arg>${item}</arg>
<tag>Assertion</tag>
<tag>Getter</tag>
<tag>PageContent</tag>
<doc>Returns text attribute of the element found by ``selector``.</doc>
<status status="PASS" start="2025-07-17T09:40:57.452331" elapsed="0.067273"/>
</kw>
<kw name="Log" owner="BuiltIn">
<msg time="2025-07-17T09:40:57.523090" level="INFO">MENUITEM: Dodaj do kolejki</msg>
<arg>MENUITEM: ${txt}</arg>
<doc>Logs the given message with the given level.</doc>
<status status="PASS" start="2025-07-17T09:40:57.520470" elapsed="0.003735"/>
</kw>
<kw name="Create Dictionary" owner="BuiltIn">
<msg time="2025-07-17T09:40:57.529019" level="INFO">${ns} = {'txt': 'Dodaj do kolejki'}</msg>
<var>${ns}</var>
<arg>txt=${txt}</arg>
<doc>Creates and returns a dictionary based on the given ``items``.</doc>
<status status="PASS" start="2025-07-17T09:40:57.525987" elapsed="0.003969"/>
</kw>
<kw name="Evaluate" owner="BuiltIn">
<msg time="2025-07-17T09:40:57.534487" level="INFO">${found} = False</msg>
<var>${found}</var>
<arg>'Usuń z' in txt or 'Remove from' in txt</arg>
<arg>namespace=${ns}</arg>
<doc>Evaluates the given expression in Python and returns the result.</doc>
<status status="PASS" start="2025-07-17T09:40:57.530772" elapsed="0.004410"/>
</kw>
<kw name="Run Keyword If" owner="BuiltIn">
<arg>${found}</arg>
<arg>Click</arg>
<arg>${item}</arg>
<doc>Runs the given keyword with the given arguments, if ``condition`` is true.</doc>
<status status="PASS" start="2025-07-17T09:40:57.535995" elapsed="0.002364"/>
</kw>
<kw name="Run Keyword If" owner="BuiltIn">
<arg>${found}</arg>
<arg>Sleep</arg>
<arg>2s</arg>
<doc>Runs the given keyword with the given arguments, if ``condition`` is true.</doc>
<status status="PASS" start="2025-07-17T09:40:57.539439" elapsed="0.002159"/>
</kw>
<kw name="Run Keyword If" owner="BuiltIn">
<arg>${found}</arg>
<arg>Exit For Loop</arg>
<doc>Runs the given keyword with the given arguments, if ``condition`` is true.</doc>
<status status="PASS" start="2025-07-17T09:40:57.542734" elapsed="0.001684"/>
</kw>
<var name="${item}">//ytd-menu-service-item-renderer &gt;&gt; nth=0</var>
<status status="PASS" start="2025-07-17T09:40:57.450499" elapsed="0.094338"/>
</iter>
<iter>
<kw name="Get Text" owner="Browser">
<msg time="2025-07-17T09:40:57.599474" level="INFO">Text: 'Zapisz na playliście'</msg>
<msg time="2025-07-17T09:40:57.600847" level="INFO">${txt} = Zapisz na playliście</msg>
<var>${txt}</var>
<arg>${item}</arg>
<tag>Assertion</tag>
<tag>Getter</tag>
<tag>PageContent</tag>
<doc>Returns text attribute of the element found by ``selector``.</doc>
<status status="PASS" start="2025-07-17T09:40:57.546626" elapsed="0.054942"/>
</kw>
<kw name="Log" owner="BuiltIn">
<msg time="2025-07-17T09:40:57.605104" level="INFO">MENUITEM: Zapisz na playliście</msg>
<arg>MENUITEM: ${txt}</arg>
<doc>Logs the given message with the given level.</doc>
<status status="PASS" start="2025-07-17T09:40:57.602449" elapsed="0.003774"/>
</kw>
<kw name="Create Dictionary" owner="BuiltIn">
<msg time="2025-07-17T09:40:57.610907" level="INFO">${ns} = {'txt': 'Zapisz na playliście'}</msg>
<var>${ns}</var>
<arg>txt=${txt}</arg>
<doc>Creates and returns a dictionary based on the given ``items``.</doc>
<status status="PASS" start="2025-07-17T09:40:57.607742" elapsed="0.004137"/>
</kw>
<kw name="Evaluate" owner="BuiltIn">
<msg time="2025-07-17T09:40:57.617084" level="INFO">${found} = False</msg>
<var>${found}</var>
<arg>'Usuń z' in txt or 'Remove from' in txt</arg>
<arg>namespace=${ns}</arg>
<doc>Evaluates the given expression in Python and returns the result.</doc>
<status status="PASS" start="2025-07-17T09:40:57.612881" elapsed="0.004909"/>
</kw>
<kw name="Run Keyword If" owner="BuiltIn">
<arg>${found}</arg>
<arg>Click</arg>
<arg>${item}</arg>
<doc>Runs the given keyword with the given arguments, if ``condition`` is true.</doc>
<status status="PASS" start="2025-07-17T09:40:57.618930" elapsed="0.002256"/>
</kw>
<kw name="Run Keyword If" owner="BuiltIn">
<arg>${found}</arg>
<arg>Sleep</arg>
<arg>2s</arg>
<doc>Runs the given keyword with the given arguments, if ``condition`` is true.</doc>
<status status="PASS" start="2025-07-17T09:40:57.622424" elapsed="0.002201"/>
</kw>
<kw name="Run Keyword If" owner="BuiltIn">
<arg>${found}</arg>
<arg>Exit For Loop</arg>
<doc>Runs the given keyword with the given arguments, if ``condition`` is true.</doc>
<status status="PASS" start="2025-07-17T09:40:57.625809" elapsed="0.001708"/>
</kw>
<var name="${item}">//ytd-menu-service-item-renderer &gt;&gt; nth=1</var>
<status status="PASS" start="2025-07-17T09:40:57.545442" elapsed="0.082503"/>
</iter>
<iter>
<kw name="Get Text" owner="Browser">
<msg time="2025-07-17T09:40:57.667151" level="INFO">Text: 'Usuń z „Do obejrzenia”'</msg>
<msg time="2025-07-17T09:40:57.668043" level="INFO">${txt} = Usuń z „Do obejrzenia”</msg>
<var>${txt}</var>
<arg>${item}</arg>
<tag>Assertion</tag>
<tag>Getter</tag>
<tag>PageContent</tag>
<doc>Returns text attribute of the element found by ``selector``.</doc>
<status status="PASS" start="2025-07-17T09:40:57.629735" elapsed="0.038760"/>
</kw>
<kw name="Log" owner="BuiltIn">
<msg time="2025-07-17T09:40:57.670733" level="INFO">MENUITEM: Usuń z „Do obejrzenia”</msg>
<arg>MENUITEM: ${txt}</arg>
<doc>Logs the given message with the given level.</doc>
<status status="PASS" start="2025-07-17T09:40:57.669043" elapsed="0.002390"/>
</kw>
<kw name="Create Dictionary" owner="BuiltIn">
<msg time="2025-07-17T09:40:57.674033" level="INFO">${ns} = {'txt': 'Usuń z „Do obejrzenia”'}</msg>
<var>${ns}</var>
<arg>txt=${txt}</arg>
<doc>Creates and returns a dictionary based on the given ``items``.</doc>
<status status="PASS" start="2025-07-17T09:40:57.671969" elapsed="0.002909"/>
</kw>
<kw name="Evaluate" owner="BuiltIn">
<msg time="2025-07-17T09:40:57.677789" level="INFO">${found} = True</msg>
<var>${found}</var>
<arg>'Usuń z' in txt or 'Remove from' in txt</arg>
<arg>namespace=${ns}</arg>
<doc>Evaluates the given expression in Python and returns the result.</doc>
<status status="PASS" start="2025-07-17T09:40:57.675462" elapsed="0.002785"/>
</kw>
<kw name="Run Keyword If" owner="BuiltIn">
<kw name="Click" owner="Browser">
<msg time="2025-07-17T09:40:57.683630" level="INFO">Clicks the element '//ytd-menu-service-item-renderer &gt;&gt; nth=2'.</msg>
<arg>${item}</arg>
<tag>PageContent</tag>
<tag>Setter</tag>
<doc>Simulates mouse click on the element found by ``selector``.</doc>
<status status="PASS" start="2025-07-17T09:40:57.680431" elapsed="0.123897"/>
</kw>
<arg>${found}</arg>
<arg>Click</arg>
<arg>${item}</arg>
<doc>Runs the given keyword with the given arguments, if ``condition`` is true.</doc>
<status status="PASS" start="2025-07-17T09:40:57.678761" elapsed="0.126003"/>
</kw>
<kw name="Run Keyword If" owner="BuiltIn">
<kw name="Sleep" owner="BuiltIn">
<msg time="2025-07-17T09:40:59.808014" level="INFO">Slept 2 seconds.</msg>
<arg>2s</arg>
<doc>Pauses the test executed for the given time.</doc>
<status status="PASS" start="2025-07-17T09:40:57.805885" elapsed="2.003569"/>
</kw>
<arg>${found}</arg>
<arg>Sleep</arg>
<arg>2s</arg>
<doc>Runs the given keyword with the given arguments, if ``condition`` is true.</doc>
<status status="PASS" start="2025-07-17T09:40:57.805013" elapsed="2.005258"/>
</kw>
<kw name="Run Keyword If" owner="BuiltIn">
<kw name="Exit For Loop" owner="BuiltIn">
<msg time="2025-07-17T09:40:59.815944" level="INFO">Exiting for loop altogether.</msg>
<doc>Stops executing the enclosing FOR loop.</doc>
<status status="PASS" start="2025-07-17T09:40:59.813973" elapsed="0.003393"/>
</kw>
<arg>${found}</arg>
<arg>Exit For Loop</arg>
<doc>Runs the given keyword with the given arguments, if ``condition`` is true.</doc>
<status status="PASS" start="2025-07-17T09:40:59.811152" elapsed="0.006904"/>
</kw>
<var name="${item}">//ytd-menu-service-item-renderer &gt;&gt; nth=2</var>
<status status="PASS" start="2025-07-17T09:40:57.628560" elapsed="2.190025"/>
</iter>
<var>${item}</var>
<value>@{all_items}</value>
<status status="PASS" start="2025-07-17T09:40:57.447689" elapsed="2.371712"/>
</for>
<arg>${video}</arg>
<status status="PASS" start="2025-07-17T09:40:55.288822" elapsed="4.531201"/>
</kw>
<arg>'${channel_name}' == '${CHANNEL_TO_DELETE}'</arg>
<arg>Delete Single Movie</arg>
<arg>${video}</arg>
<doc>Runs the given keyword with the given arguments, if ``condition`` is true.</doc>
<status status="PASS" start="2025-07-17T09:40:55.287551" elapsed="4.533065"/>
</kw>
<kw name="Run Keyword If" owner="BuiltIn">
<kw name="Set Variable" owner="BuiltIn">
<arg>${deleted}</arg>
<arg>${True}</arg>
<doc>Returns the given values which can then be assigned to a variables.</doc>
<status status="PASS" start="2025-07-17T09:40:59.826698" elapsed="0.001911"/>
</kw>
<arg>'${channel_name}' == '${CHANNEL_TO_DELETE}'</arg>
<arg>Set Variable</arg>
<arg>${deleted}</arg>
<arg>${True}</arg>
<doc>Runs the given keyword with the given arguments, if ``condition`` is true.</doc>
<status status="PASS" start="2025-07-17T09:40:59.821463" elapsed="0.007709"/>
</kw>
<kw name="Run Keyword If" owner="BuiltIn">
<kw name="Exit For Loop" owner="BuiltIn">
<msg time="2025-07-17T09:40:59.834178" level="INFO">Exiting for loop altogether.</msg>
<doc>Stops executing the enclosing FOR loop.</doc>
<status status="PASS" start="2025-07-17T09:40:59.832721" elapsed="0.002390"/>
</kw>
<arg>'${channel_name}' == '${CHANNEL_TO_DELETE}'</arg>
<arg>Exit For Loop</arg>
<doc>Runs the given keyword with the given arguments, if ``condition`` is true.</doc>
<status status="PASS" start="2025-07-17T09:40:59.829916" elapsed="0.005760"/>
</kw>
<var name="${video}">xpath=//ytd-playlist-video-renderer &gt;&gt; nth=36</var>
<status status="PASS" start="2025-07-17T09:40:55.270483" elapsed="4.565720"/>
</iter>
<var>${video}</var>
<value>@{videos}</value>
<status status="PASS" start="2025-07-17T09:40:54.313074" elapsed="5.523552"/>
</for>
<status status="PASS" start="2025-07-17T09:40:52.233419" elapsed="7.603635"/>
</iter>
<status status="PASS" start="2025-07-17T09:40:52.233416" elapsed="7.604592"/>
</while>
<arg>IGN</arg>
<doc>Delete movies from the watchlist</doc>
<status status="PASS" start="2025-07-17T09:40:48.506952" elapsed="11.331574"/>
</kw>
<kw name="Sleep" owner="BuiltIn">
<msg time="2025-07-17T09:41:04.844289" level="INFO">Slept 5 seconds.</msg>
<arg>5s</arg>
<doc>Pauses the test executed for the given time.</doc>
<status status="PASS" start="2025-07-17T09:40:59.841059" elapsed="5.004268"/>
</kw>
<kw name="Close Browser" owner="Browser">
<msg time="2025-07-17T09:41:05.249399" level="INFO">Closed browser</msg>
<tag>BrowserControl</tag>
<tag>Setter</tag>
<doc>Closes the current browser.</doc>
<status status="PASS" start="2025-07-17T09:41:04.847170" elapsed="0.403342"/>
</kw>
<doc>This test case logs into YouTube using the provided credentials.</doc>
<status status="PASS" start="2025-07-17T09:40:28.773766" elapsed="36.477725"/>
</test>
<status status="PASS" start="2025-07-17T09:40:28.463527" elapsed="36.806365"/>
</suite>
<status status="PASS" start="2025-07-17T09:40:28.458875" elapsed="36.825643"/>
</suite>
<status status="PASS" start="2025-07-17T09:40:28.427434" elapsed="36.860504"/>
</suite>
<statistics>
<total>
<stat pass="1" fail="0" skip="0">All Tests</stat>
</total>
<tag>
</tag>
<suite>
<stat name="Yt Watchlist" id="s1" pass="1" fail="0" skip="0">Yt Watchlist</stat>
<stat name="Tests" id="s1-s1" pass="1" fail="0" skip="0">Yt Watchlist.Tests</stat>
<stat name="Test Watchlist" id="s1-s1-s1" pass="1" fail="0" skip="0">Yt Watchlist.Tests.Test Watchlist</stat>
</suite>
</statistics>
<errors>
</errors>
</robot>
